[2025-11-13T03:33:04.629+0000] {local_task_job_runner.py:123} INFO - ::group::Pre task execution logs
[2025-11-13T03:33:04.647+0000] {taskinstance.py:2613} INFO - Dependencies all met for dep_context=non-requeueable deps ti=<TaskInstance: example_01_basic_sequential.start scheduled__2025-11-12T00:00:00+00:00 [queued]>
[2025-11-13T03:33:04.651+0000] {taskinstance.py:2613} INFO - Dependencies all met for dep_context=requeueable deps ti=<TaskInstance: example_01_basic_sequential.start scheduled__2025-11-12T00:00:00+00:00 [queued]>
[2025-11-13T03:33:04.651+0000] {taskinstance.py:2866} INFO - Starting attempt 1 of 2
[2025-11-13T03:33:04.781+0000] {taskinstance.py:2889} INFO - Executing <Task(BashOperator): start> on 2025-11-12 00:00:00+00:00
[2025-11-13T03:33:04.800+0000] {standard_task_runner.py:104} INFO - Running: ['***', 'tasks', 'run', 'example_01_basic_sequential', 'start', 'scheduled__2025-11-12T00:00:00+00:00', '--job-id', '49', '--raw', '--subdir', 'DAGS_FOLDER/example_01_basic_sequential.py', '--cfg-path', '/tmp/tmpxby7weec']
[2025-11-13T03:33:04.806+0000] {standard_task_runner.py:105} INFO - Job 49: Subtask start
[2025-11-13T03:33:04.820+0000] {logging_mixin.py:190} WARNING - /home/***/.local/lib/python3.12/site-packages/***/task/task_runner/standard_task_runner.py:70 DeprecationWarning: This process (pid=214) is multi-threaded, use of fork() may lead to deadlocks in the child.
[2025-11-13T03:33:04.821+0000] {standard_task_runner.py:72} INFO - Started process 217 to run task
[2025-11-13T03:33:04.877+0000] {task_command.py:467} INFO - Running <TaskInstance: example_01_basic_sequential.start scheduled__2025-11-12T00:00:00+00:00 [running]> on host 97e70089e63a
[2025-11-13T03:33:05.040+0000] {taskinstance.py:3132} INFO - Exporting env vars: AIRFLOW_CTX_DAG_OWNER='***' AIRFLOW_CTX_DAG_ID='example_01_basic_sequential' AIRFLOW_CTX_TASK_ID='start' AIRFLOW_CTX_EXECUTION_DATE='2025-11-12T00:00:00+00:00' AIRFLOW_CTX_TRY_NUMBER='1' AIRFLOW_CTX_DAG_RUN_ID='scheduled__2025-11-12T00:00:00+00:00'
[2025-11-13T03:33:05.041+0000] {taskinstance.py:731} INFO - ::endgroup::
[2025-11-13T03:33:05.058+0000] {subprocess.py:78} INFO - Tmp dir root location: /tmp
[2025-11-13T03:33:05.060+0000] {subprocess.py:88} INFO - Running command: ['/usr/bin/bash', '-c', 'echo "Starting pipeline at $(date)"']
[2025-11-13T03:33:05.069+0000] {subprocess.py:99} INFO - Output:
[2025-11-13T03:33:05.085+0000] {subprocess.py:106} INFO - Starting pipeline at Thu Nov 13 03:33:05 UTC 2025
[2025-11-13T03:33:05.086+0000] {subprocess.py:110} INFO - Command exited with return code 0
[2025-11-13T03:33:05.111+0000] {taskinstance.py:340} INFO - ::group::Post task execution logs
[2025-11-13T03:33:05.111+0000] {taskinstance.py:352} INFO - Marking task as SUCCESS. dag_id=example_01_basic_sequential, task_id=start, run_id=scheduled__2025-11-12T00:00:00+00:00, execution_date=20251112T000000, start_date=20251113T033304, end_date=20251113T033305
[2025-11-13T03:33:05.157+0000] {local_task_job_runner.py:266} INFO - Task exited with return code 0
[2025-11-13T03:33:05.172+0000] {taskinstance.py:3895} INFO - 1 downstream tasks scheduled from follow-on schedule check
[2025-11-13T03:33:05.248+0000] {local_task_job_runner.py:245} INFO - ::endgroup::
