[2025-11-13T03:32:40.327+0000] {local_task_job_runner.py:123} INFO - ::group::Pre task execution logs
[2025-11-13T03:32:40.339+0000] {taskinstance.py:2613} INFO - Dependencies all met for dep_context=non-requeueable deps ti=<TaskInstance: weather_etl.load scheduled__2025-11-13T03:31:00+00:00 [queued]>
[2025-11-13T03:32:40.344+0000] {taskinstance.py:2613} INFO - Dependencies all met for dep_context=requeueable deps ti=<TaskInstance: weather_etl.load scheduled__2025-11-13T03:31:00+00:00 [queued]>
[2025-11-13T03:32:40.344+0000] {taskinstance.py:2866} INFO - Starting attempt 1 of 2
[2025-11-13T03:32:40.353+0000] {taskinstance.py:2889} INFO - Executing <Task(_PythonDecoratedOperator): load> on 2025-11-13 03:31:00+00:00
[2025-11-13T03:32:40.360+0000] {standard_task_runner.py:104} INFO - Running: ['***', 'tasks', 'run', 'weather_etl', 'load', 'scheduled__2025-11-13T03:31:00+00:00', '--job-id', '44', '--raw', '--subdir', 'DAGS_FOLDER/etl.py', '--cfg-path', '/tmp/tmpj3tlrqyl']
[2025-11-13T03:32:40.363+0000] {standard_task_runner.py:105} INFO - Job 44: Subtask load
[2025-11-13T03:32:40.363+0000] {logging_mixin.py:190} WARNING - /home/***/.local/lib/python3.12/site-packages/***/task/task_runner/standard_task_runner.py:70 DeprecationWarning: This process (pid=201) is multi-threaded, use of fork() may lead to deadlocks in the child.
[2025-11-13T03:32:40.363+0000] {standard_task_runner.py:72} INFO - Started process 202 to run task
[2025-11-13T03:32:40.401+0000] {task_command.py:467} INFO - Running <TaskInstance: weather_etl.load scheduled__2025-11-13T03:31:00+00:00 [running]> on host 97e70089e63a
[2025-11-13T03:32:40.539+0000] {taskinstance.py:3132} INFO - Exporting env vars: AIRFLOW_CTX_DAG_OWNER='***' AIRFLOW_CTX_DAG_ID='weather_etl' AIRFLOW_CTX_TASK_ID='load' AIRFLOW_CTX_EXECUTION_DATE='2025-11-13T03:31:00+00:00' AIRFLOW_CTX_TRY_NUMBER='1' AIRFLOW_CTX_DAG_RUN_ID='scheduled__2025-11-13T03:31:00+00:00'
[2025-11-13T03:32:40.540+0000] {taskinstance.py:731} INFO - ::endgroup::
[2025-11-13T03:32:40.542+0000] {crypto.py:82} WARNING - empty cryptography key - values will not be stored encrypted.
[2025-11-13T03:32:40.543+0000] {base.py:84} INFO - Retrieving connection 'postgres_default'
[2025-11-13T03:32:40.553+0000] {python.py:240} INFO - Done. Returned value was: None
[2025-11-13T03:32:40.560+0000] {taskinstance.py:340} INFO - ::group::Post task execution logs
[2025-11-13T03:32:40.560+0000] {taskinstance.py:352} INFO - Marking task as SUCCESS. dag_id=weather_etl, task_id=load, run_id=scheduled__2025-11-13T03:31:00+00:00, execution_date=20251113T033100, start_date=20251113T033240, end_date=20251113T033240
[2025-11-13T03:32:40.578+0000] {local_task_job_runner.py:266} INFO - Task exited with return code 0
[2025-11-13T03:32:40.589+0000] {taskinstance.py:3895} INFO - 0 downstream tasks scheduled from follow-on schedule check
[2025-11-13T03:32:40.593+0000] {local_task_job_runner.py:245} INFO - ::endgroup::
