[2025-11-13T04:00:06.231+0000] {local_task_job_runner.py:123} INFO - ::group::Pre task execution logs
[2025-11-13T04:00:06.247+0000] {taskinstance.py:2613} INFO - Dependencies all met for dep_context=non-requeueable deps ti=<TaskInstance: weather_etl.load scheduled__2025-11-13T03:45:00+00:00 [queued]>
[2025-11-13T04:00:06.254+0000] {taskinstance.py:2613} INFO - Dependencies all met for dep_context=requeueable deps ti=<TaskInstance: weather_etl.load scheduled__2025-11-13T03:45:00+00:00 [queued]>
[2025-11-13T04:00:06.254+0000] {taskinstance.py:2866} INFO - Starting attempt 1 of 2
[2025-11-13T04:00:06.390+0000] {taskinstance.py:2889} INFO - Executing <Task(_PythonDecoratedOperator): load> on 2025-11-13 03:45:00+00:00
[2025-11-13T04:00:06.400+0000] {standard_task_runner.py:104} INFO - Running: ['***', 'tasks', 'run', 'weather_etl', 'load', 'scheduled__2025-11-13T03:45:00+00:00', '--job-id', '61', '--raw', '--subdir', 'DAGS_FOLDER/etl.py', '--cfg-path', '/tmp/tmpa321f_wk']
[2025-11-13T04:00:06.402+0000] {standard_task_runner.py:105} INFO - Job 61: Subtask load
[2025-11-13T04:00:06.402+0000] {logging_mixin.py:190} WARNING - /home/***/.local/lib/python3.12/site-packages/***/task/task_runner/standard_task_runner.py:70 DeprecationWarning: This process (pid=944) is multi-threaded, use of fork() may lead to deadlocks in the child.
[2025-11-13T04:00:06.403+0000] {standard_task_runner.py:72} INFO - Started process 945 to run task
[2025-11-13T04:00:06.581+0000] {task_command.py:467} INFO - Running <TaskInstance: weather_etl.load scheduled__2025-11-13T03:45:00+00:00 [running]> on host 97e70089e63a
[2025-11-13T04:00:06.656+0000] {taskinstance.py:3132} INFO - Exporting env vars: AIRFLOW_CTX_DAG_OWNER='***' AIRFLOW_CTX_DAG_ID='weather_etl' AIRFLOW_CTX_TASK_ID='load' AIRFLOW_CTX_EXECUTION_DATE='2025-11-13T03:45:00+00:00' AIRFLOW_CTX_TRY_NUMBER='1' AIRFLOW_CTX_DAG_RUN_ID='scheduled__2025-11-13T03:45:00+00:00'
[2025-11-13T04:00:06.657+0000] {taskinstance.py:731} INFO - ::endgroup::
[2025-11-13T04:00:06.659+0000] {crypto.py:82} WARNING - empty cryptography key - values will not be stored encrypted.
[2025-11-13T04:00:06.660+0000] {base.py:84} INFO - Retrieving connection 'postgres_default'
[2025-11-13T04:00:06.668+0000] {python.py:240} INFO - Done. Returned value was: None
[2025-11-13T04:00:06.675+0000] {taskinstance.py:340} INFO - ::group::Post task execution logs
[2025-11-13T04:00:06.675+0000] {taskinstance.py:352} INFO - Marking task as SUCCESS. dag_id=weather_etl, task_id=load, run_id=scheduled__2025-11-13T03:45:00+00:00, execution_date=20251113T034500, start_date=20251113T040006, end_date=20251113T040006
[2025-11-13T04:00:06.699+0000] {local_task_job_runner.py:266} INFO - Task exited with return code 0
[2025-11-13T04:00:06.710+0000] {taskinstance.py:3895} INFO - 0 downstream tasks scheduled from follow-on schedule check
[2025-11-13T04:00:06.744+0000] {local_task_job_runner.py:245} INFO - ::endgroup::
