[2025-11-13T03:33:08.406+0000] {local_task_job_runner.py:123} INFO - ::group::Pre task execution logs
[2025-11-13T03:33:08.420+0000] {taskinstance.py:2613} INFO - Dependencies all met for dep_context=non-requeueable deps ti=<TaskInstance: example_01_basic_sequential.complete scheduled__2025-11-12T00:00:00+00:00 [queued]>
[2025-11-13T03:33:08.423+0000] {taskinstance.py:2613} INFO - Dependencies all met for dep_context=requeueable deps ti=<TaskInstance: example_01_basic_sequential.complete scheduled__2025-11-12T00:00:00+00:00 [queued]>
[2025-11-13T03:33:08.424+0000] {taskinstance.py:2866} INFO - Starting attempt 1 of 2
[2025-11-13T03:33:08.561+0000] {taskinstance.py:2889} INFO - Executing <Task(BashOperator): complete> on 2025-11-12 00:00:00+00:00
[2025-11-13T03:33:08.577+0000] {standard_task_runner.py:104} INFO - Running: ['***', 'tasks', 'run', 'example_01_basic_sequential', 'complete', 'scheduled__2025-11-12T00:00:00+00:00', '--job-id', '53', '--raw', '--subdir', 'DAGS_FOLDER/example_01_basic_sequential.py', '--cfg-path', '/tmp/tmp9o67jt78']
[2025-11-13T03:33:08.580+0000] {standard_task_runner.py:105} INFO - Job 53: Subtask complete
[2025-11-13T03:33:08.584+0000] {logging_mixin.py:190} WARNING - /home/***/.local/lib/python3.12/site-packages/***/task/task_runner/standard_task_runner.py:70 DeprecationWarning: This process (pid=247) is multi-threaded, use of fork() may lead to deadlocks in the child.
[2025-11-13T03:33:08.585+0000] {standard_task_runner.py:72} INFO - Started process 250 to run task
[2025-11-13T03:33:08.630+0000] {task_command.py:467} INFO - Running <TaskInstance: example_01_basic_sequential.complete scheduled__2025-11-12T00:00:00+00:00 [running]> on host 97e70089e63a
[2025-11-13T03:33:08.692+0000] {taskinstance.py:3132} INFO - Exporting env vars: AIRFLOW_CTX_DAG_OWNER='***' AIRFLOW_CTX_DAG_ID='example_01_basic_sequential' AIRFLOW_CTX_TASK_ID='complete' AIRFLOW_CTX_EXECUTION_DATE='2025-11-12T00:00:00+00:00' AIRFLOW_CTX_TRY_NUMBER='1' AIRFLOW_CTX_DAG_RUN_ID='scheduled__2025-11-12T00:00:00+00:00'
[2025-11-13T03:33:08.693+0000] {taskinstance.py:731} INFO - ::endgroup::
[2025-11-13T03:33:08.702+0000] {subprocess.py:78} INFO - Tmp dir root location: /tmp
[2025-11-13T03:33:08.703+0000] {subprocess.py:88} INFO - Running command: ['/usr/bin/bash', '-c', 'echo "Pipeline completed successfully!"']
[2025-11-13T03:33:08.710+0000] {subprocess.py:99} INFO - Output:
[2025-11-13T03:33:08.711+0000] {subprocess.py:106} INFO - Pipeline completed successfully!
[2025-11-13T03:33:08.711+0000] {subprocess.py:110} INFO - Command exited with return code 0
[2025-11-13T03:33:08.731+0000] {taskinstance.py:340} INFO - ::group::Post task execution logs
[2025-11-13T03:33:08.731+0000] {taskinstance.py:352} INFO - Marking task as SUCCESS. dag_id=example_01_basic_sequential, task_id=complete, run_id=scheduled__2025-11-12T00:00:00+00:00, execution_date=20251112T000000, start_date=20251113T033308, end_date=20251113T033308
[2025-11-13T03:33:08.760+0000] {local_task_job_runner.py:266} INFO - Task exited with return code 0
[2025-11-13T03:33:08.771+0000] {taskinstance.py:3895} INFO - 0 downstream tasks scheduled from follow-on schedule check
[2025-11-13T03:33:08.774+0000] {local_task_job_runner.py:245} INFO - ::endgroup::
