[2025-11-13T03:03:34.470+0000] {local_task_job_runner.py:123} INFO - ::group::Pre task execution logs
[2025-11-13T03:03:34.482+0000] {taskinstance.py:2613} INFO - Dependencies all met for dep_context=non-requeueable deps ti=<TaskInstance: weather_etl.load scheduled__2025-11-12T00:00:00+00:00 [queued]>
[2025-11-13T03:03:34.486+0000] {taskinstance.py:2613} INFO - Dependencies all met for dep_context=requeueable deps ti=<TaskInstance: weather_etl.load scheduled__2025-11-12T00:00:00+00:00 [queued]>
[2025-11-13T03:03:34.486+0000] {taskinstance.py:2866} INFO - Starting attempt 1 of 2
[2025-11-13T03:03:34.495+0000] {taskinstance.py:2889} INFO - Executing <Task(_PythonDecoratedOperator): load> on 2025-11-12 00:00:00+00:00
[2025-11-13T03:03:34.502+0000] {standard_task_runner.py:104} INFO - Running: ['***', 'tasks', 'run', 'weather_etl', 'load', 'scheduled__2025-11-12T00:00:00+00:00', '--job-id', '6', '--raw', '--subdir', 'DAGS_FOLDER/etl.py', '--cfg-path', '/tmp/tmpbp84v5x_']
[2025-11-13T03:03:34.503+0000] {standard_task_runner.py:105} INFO - Job 6: Subtask load
[2025-11-13T03:03:34.538+0000] {logging_mixin.py:190} WARNING - /home/***/.local/lib/python3.12/site-packages/***/task/task_runner/standard_task_runner.py:70 DeprecationWarning: This process (pid=232) is multi-threaded, use of fork() may lead to deadlocks in the child.
[2025-11-13T03:03:34.539+0000] {standard_task_runner.py:72} INFO - Started process 233 to run task
[2025-11-13T03:03:34.565+0000] {task_command.py:467} INFO - Running <TaskInstance: weather_etl.load scheduled__2025-11-12T00:00:00+00:00 [running]> on host 3e77b7896dd7
[2025-11-13T03:03:34.759+0000] {taskinstance.py:3132} INFO - Exporting env vars: AIRFLOW_CTX_DAG_OWNER='***' AIRFLOW_CTX_DAG_ID='weather_etl' AIRFLOW_CTX_TASK_ID='load' AIRFLOW_CTX_EXECUTION_DATE='2025-11-12T00:00:00+00:00' AIRFLOW_CTX_TRY_NUMBER='1' AIRFLOW_CTX_DAG_RUN_ID='scheduled__2025-11-12T00:00:00+00:00'
[2025-11-13T03:03:34.760+0000] {taskinstance.py:731} INFO - ::endgroup::
[2025-11-13T03:03:34.764+0000] {crypto.py:82} WARNING - empty cryptography key - values will not be stored encrypted.
[2025-11-13T03:03:34.765+0000] {base.py:84} INFO - Retrieving connection 'postgres_default'
[2025-11-13T03:03:34.783+0000] {python.py:240} INFO - Done. Returned value was: None
[2025-11-13T03:03:34.789+0000] {taskinstance.py:340} INFO - ::group::Post task execution logs
[2025-11-13T03:03:34.790+0000] {taskinstance.py:352} INFO - Marking task as SUCCESS. dag_id=weather_etl, task_id=load, run_id=scheduled__2025-11-12T00:00:00+00:00, execution_date=20251112T000000, start_date=20251113T030334, end_date=20251113T030334
[2025-11-13T03:03:34.834+0000] {local_task_job_runner.py:266} INFO - Task exited with return code 0
[2025-11-13T03:03:34.845+0000] {taskinstance.py:3895} INFO - 0 downstream tasks scheduled from follow-on schedule check
[2025-11-13T03:03:34.847+0000] {local_task_job_runner.py:245} INFO - ::endgroup::
