[2025-11-13T03:33:05.820+0000] {local_task_job_runner.py:123} INFO - ::group::Pre task execution logs
[2025-11-13T03:33:05.836+0000] {taskinstance.py:2613} INFO - Dependencies all met for dep_context=non-requeueable deps ti=<TaskInstance: example_01_basic_sequential.process scheduled__2025-11-12T00:00:00+00:00 [queued]>
[2025-11-13T03:33:05.840+0000] {taskinstance.py:2613} INFO - Dependencies all met for dep_context=requeueable deps ti=<TaskInstance: example_01_basic_sequential.process scheduled__2025-11-12T00:00:00+00:00 [queued]>
[2025-11-13T03:33:05.841+0000] {taskinstance.py:2866} INFO - Starting attempt 1 of 2
[2025-11-13T03:33:05.848+0000] {taskinstance.py:2889} INFO - Executing <Task(BashOperator): process> on 2025-11-12 00:00:00+00:00
[2025-11-13T03:33:05.855+0000] {standard_task_runner.py:104} INFO - Running: ['***', 'tasks', 'run', 'example_01_basic_sequential', 'process', 'scheduled__2025-11-12T00:00:00+00:00', '--job-id', '51', '--raw', '--subdir', 'DAGS_FOLDER/example_01_basic_sequential.py', '--cfg-path', '/tmp/tmpchqa1vix']
[2025-11-13T03:33:05.857+0000] {standard_task_runner.py:105} INFO - Job 51: Subtask process
[2025-11-13T03:33:05.859+0000] {logging_mixin.py:190} WARNING - /home/***/.local/lib/python3.12/site-packages/***/task/task_runner/standard_task_runner.py:70 DeprecationWarning: This process (pid=223) is multi-threaded, use of fork() may lead to deadlocks in the child.
[2025-11-13T03:33:05.859+0000] {standard_task_runner.py:72} INFO - Started process 227 to run task
[2025-11-13T03:33:05.888+0000] {task_command.py:467} INFO - Running <TaskInstance: example_01_basic_sequential.process scheduled__2025-11-12T00:00:00+00:00 [running]> on host 97e70089e63a
[2025-11-13T03:33:05.944+0000] {taskinstance.py:3132} INFO - Exporting env vars: AIRFLOW_CTX_DAG_OWNER='***' AIRFLOW_CTX_DAG_ID='example_01_basic_sequential' AIRFLOW_CTX_TASK_ID='process' AIRFLOW_CTX_EXECUTION_DATE='2025-11-12T00:00:00+00:00' AIRFLOW_CTX_TRY_NUMBER='1' AIRFLOW_CTX_DAG_RUN_ID='scheduled__2025-11-12T00:00:00+00:00'
[2025-11-13T03:33:05.945+0000] {taskinstance.py:731} INFO - ::endgroup::
[2025-11-13T03:33:05.955+0000] {subprocess.py:78} INFO - Tmp dir root location: /tmp
[2025-11-13T03:33:05.955+0000] {subprocess.py:88} INFO - Running command: ['/usr/bin/bash', '-c', 'echo "Processing data..." && sleep 2']
[2025-11-13T03:33:05.964+0000] {subprocess.py:99} INFO - Output:
[2025-11-13T03:33:05.965+0000] {subprocess.py:106} INFO - Processing data...
[2025-11-13T03:33:07.968+0000] {subprocess.py:110} INFO - Command exited with return code 0
[2025-11-13T03:33:08.039+0000] {taskinstance.py:340} INFO - ::group::Post task execution logs
[2025-11-13T03:33:08.042+0000] {taskinstance.py:352} INFO - Marking task as SUCCESS. dag_id=example_01_basic_sequential, task_id=process, run_id=scheduled__2025-11-12T00:00:00+00:00, execution_date=20251112T000000, start_date=20251113T033305, end_date=20251113T033308
[2025-11-13T03:33:08.090+0000] {local_task_job_runner.py:266} INFO - Task exited with return code 0
[2025-11-13T03:33:08.108+0000] {taskinstance.py:3895} INFO - 1 downstream tasks scheduled from follow-on schedule check
[2025-11-13T03:33:08.111+0000] {local_task_job_runner.py:245} INFO - ::endgroup::
