[2025-11-13T03:32:36.951+0000] {processor.py:186} INFO - Started process (PID=183) to work on /opt/airflow/dags/example_01_basic_sequential.py
[2025-11-13T03:32:36.952+0000] {processor.py:914} INFO - Processing file /opt/airflow/dags/example_01_basic_sequential.py for tasks to queue
[2025-11-13T03:32:36.955+0000] {logging_mixin.py:190} INFO - [2025-11-13T03:32:36.955+0000] {dagbag.py:588} INFO - Filling up the DagBag from /opt/airflow/dags/example_01_basic_sequential.py
[2025-11-13T03:32:36.967+0000] {processor.py:925} INFO - DAG(s) 'example_01_basic_sequential' retrieved from /opt/airflow/dags/example_01_basic_sequential.py
[2025-11-13T03:32:37.250+0000] {logging_mixin.py:190} INFO - [2025-11-13T03:32:37.249+0000] {override.py:1911} INFO - Created Permission View: can delete on DAG:example_01_basic_sequential
[2025-11-13T03:32:37.259+0000] {logging_mixin.py:190} INFO - [2025-11-13T03:32:37.259+0000] {override.py:1911} INFO - Created Permission View: can edit on DAG:example_01_basic_sequential
[2025-11-13T03:32:37.265+0000] {logging_mixin.py:190} INFO - [2025-11-13T03:32:37.264+0000] {override.py:1911} INFO - Created Permission View: can read on DAG:example_01_basic_sequential
[2025-11-13T03:32:37.273+0000] {logging_mixin.py:190} INFO - [2025-11-13T03:32:37.272+0000] {override.py:1911} INFO - Created Permission View: can delete on DAG Run:example_01_basic_sequential
[2025-11-13T03:32:37.278+0000] {logging_mixin.py:190} INFO - [2025-11-13T03:32:37.278+0000] {override.py:1911} INFO - Created Permission View: menu access on DAG Run:example_01_basic_sequential
[2025-11-13T03:32:37.286+0000] {logging_mixin.py:190} INFO - [2025-11-13T03:32:37.285+0000] {override.py:1911} INFO - Created Permission View: can create on DAG Run:example_01_basic_sequential
[2025-11-13T03:32:37.291+0000] {logging_mixin.py:190} INFO - [2025-11-13T03:32:37.290+0000] {override.py:1911} INFO - Created Permission View: can read on DAG Run:example_01_basic_sequential
[2025-11-13T03:32:37.291+0000] {logging_mixin.py:190} INFO - [2025-11-13T03:32:37.291+0000] {dag.py:3239} INFO - Sync 1 DAGs
[2025-11-13T03:32:37.299+0000] {logging_mixin.py:190} INFO - [2025-11-13T03:32:37.299+0000] {dag.py:3262} INFO - Creating ORM DAG for example_01_basic_sequential
[2025-11-13T03:32:37.307+0000] {logging_mixin.py:190} INFO - [2025-11-13T03:32:37.307+0000] {dag.py:4180} INFO - Setting next_dagrun for example_01_basic_sequential to 2025-11-12 00:00:00+00:00, run_after=2025-11-13 00:00:00+00:00
[2025-11-13T03:32:37.320+0000] {processor.py:208} INFO - Processing /opt/airflow/dags/example_01_basic_sequential.py took 0.375 seconds
[2025-11-13T03:33:07.472+0000] {processor.py:186} INFO - Started process (PID=236) to work on /opt/airflow/dags/example_01_basic_sequential.py
[2025-11-13T03:33:07.473+0000] {processor.py:914} INFO - Processing file /opt/airflow/dags/example_01_basic_sequential.py for tasks to queue
[2025-11-13T03:33:07.474+0000] {logging_mixin.py:190} INFO - [2025-11-13T03:33:07.474+0000] {dagbag.py:588} INFO - Filling up the DagBag from /opt/airflow/dags/example_01_basic_sequential.py
[2025-11-13T03:33:07.480+0000] {processor.py:925} INFO - DAG(s) 'example_01_basic_sequential' retrieved from /opt/airflow/dags/example_01_basic_sequential.py
[2025-11-13T03:33:07.495+0000] {logging_mixin.py:190} INFO - [2025-11-13T03:33:07.495+0000] {dag.py:3239} INFO - Sync 1 DAGs
[2025-11-13T03:33:07.506+0000] {logging_mixin.py:190} INFO - [2025-11-13T03:33:07.506+0000] {dag.py:4180} INFO - Setting next_dagrun for example_01_basic_sequential to 2025-11-13 00:00:00+00:00, run_after=2025-11-14 00:00:00+00:00
[2025-11-13T03:33:07.517+0000] {processor.py:208} INFO - Processing /opt/airflow/dags/example_01_basic_sequential.py took 0.048 seconds
[2025-11-13T03:33:37.742+0000] {processor.py:186} INFO - Started process (PID=258) to work on /opt/airflow/dags/example_01_basic_sequential.py
[2025-11-13T03:33:37.743+0000] {processor.py:914} INFO - Processing file /opt/airflow/dags/example_01_basic_sequential.py for tasks to queue
[2025-11-13T03:33:37.745+0000] {logging_mixin.py:190} INFO - [2025-11-13T03:33:37.745+0000] {dagbag.py:588} INFO - Filling up the DagBag from /opt/airflow/dags/example_01_basic_sequential.py
[2025-11-13T03:33:37.759+0000] {processor.py:925} INFO - DAG(s) 'example_01_basic_sequential' retrieved from /opt/airflow/dags/example_01_basic_sequential.py
[2025-11-13T03:33:37.783+0000] {logging_mixin.py:190} INFO - [2025-11-13T03:33:37.782+0000] {dag.py:3239} INFO - Sync 1 DAGs
[2025-11-13T03:33:37.801+0000] {logging_mixin.py:190} INFO - [2025-11-13T03:33:37.801+0000] {dag.py:4180} INFO - Setting next_dagrun for example_01_basic_sequential to 2025-11-13 00:00:00+00:00, run_after=2025-11-14 00:00:00+00:00
[2025-11-13T03:33:37.817+0000] {processor.py:208} INFO - Processing /opt/airflow/dags/example_01_basic_sequential.py took 0.082 seconds
[2025-11-13T03:34:08.057+0000] {processor.py:186} INFO - Started process (PID=283) to work on /opt/airflow/dags/example_01_basic_sequential.py
[2025-11-13T03:34:08.058+0000] {processor.py:914} INFO - Processing file /opt/airflow/dags/example_01_basic_sequential.py for tasks to queue
[2025-11-13T03:34:08.059+0000] {logging_mixin.py:190} INFO - [2025-11-13T03:34:08.059+0000] {dagbag.py:588} INFO - Filling up the DagBag from /opt/airflow/dags/example_01_basic_sequential.py
[2025-11-13T03:34:08.065+0000] {processor.py:925} INFO - DAG(s) 'example_01_basic_sequential' retrieved from /opt/airflow/dags/example_01_basic_sequential.py
[2025-11-13T03:34:08.086+0000] {logging_mixin.py:190} INFO - [2025-11-13T03:34:08.086+0000] {dag.py:3239} INFO - Sync 1 DAGs
[2025-11-13T03:34:08.103+0000] {logging_mixin.py:190} INFO - [2025-11-13T03:34:08.102+0000] {dag.py:4180} INFO - Setting next_dagrun for example_01_basic_sequential to 2025-11-13 00:00:00+00:00, run_after=2025-11-14 00:00:00+00:00
[2025-11-13T03:34:08.116+0000] {processor.py:208} INFO - Processing /opt/airflow/dags/example_01_basic_sequential.py took 0.062 seconds
[2025-11-13T03:34:38.535+0000] {processor.py:186} INFO - Started process (PID=312) to work on /opt/airflow/dags/example_01_basic_sequential.py
[2025-11-13T03:34:38.592+0000] {processor.py:914} INFO - Processing file /opt/airflow/dags/example_01_basic_sequential.py for tasks to queue
[2025-11-13T03:34:38.594+0000] {logging_mixin.py:190} INFO - [2025-11-13T03:34:38.594+0000] {dagbag.py:588} INFO - Filling up the DagBag from /opt/airflow/dags/example_01_basic_sequential.py
[2025-11-13T03:34:38.599+0000] {processor.py:925} INFO - DAG(s) 'example_01_basic_sequential' retrieved from /opt/airflow/dags/example_01_basic_sequential.py
[2025-11-13T03:34:38.617+0000] {logging_mixin.py:190} INFO - [2025-11-13T03:34:38.617+0000] {dag.py:3239} INFO - Sync 1 DAGs
[2025-11-13T03:34:38.631+0000] {logging_mixin.py:190} INFO - [2025-11-13T03:34:38.631+0000] {dag.py:4180} INFO - Setting next_dagrun for example_01_basic_sequential to 2025-11-13 00:00:00+00:00, run_after=2025-11-14 00:00:00+00:00
[2025-11-13T03:34:38.642+0000] {processor.py:208} INFO - Processing /opt/airflow/dags/example_01_basic_sequential.py took 0.110 seconds
[2025-11-13T03:35:08.850+0000] {processor.py:186} INFO - Started process (PID=328) to work on /opt/airflow/dags/example_01_basic_sequential.py
[2025-11-13T03:35:08.851+0000] {processor.py:914} INFO - Processing file /opt/airflow/dags/example_01_basic_sequential.py for tasks to queue
[2025-11-13T03:35:08.853+0000] {logging_mixin.py:190} INFO - [2025-11-13T03:35:08.853+0000] {dagbag.py:588} INFO - Filling up the DagBag from /opt/airflow/dags/example_01_basic_sequential.py
[2025-11-13T03:35:08.858+0000] {processor.py:925} INFO - DAG(s) 'example_01_basic_sequential' retrieved from /opt/airflow/dags/example_01_basic_sequential.py
[2025-11-13T03:35:08.874+0000] {logging_mixin.py:190} INFO - [2025-11-13T03:35:08.874+0000] {dag.py:3239} INFO - Sync 1 DAGs
[2025-11-13T03:35:08.887+0000] {logging_mixin.py:190} INFO - [2025-11-13T03:35:08.887+0000] {dag.py:4180} INFO - Setting next_dagrun for example_01_basic_sequential to 2025-11-13 00:00:00+00:00, run_after=2025-11-14 00:00:00+00:00
[2025-11-13T03:35:08.899+0000] {processor.py:208} INFO - Processing /opt/airflow/dags/example_01_basic_sequential.py took 0.051 seconds
[2025-11-13T03:35:39.108+0000] {processor.py:186} INFO - Started process (PID=344) to work on /opt/airflow/dags/example_01_basic_sequential.py
[2025-11-13T03:35:39.110+0000] {processor.py:914} INFO - Processing file /opt/airflow/dags/example_01_basic_sequential.py for tasks to queue
[2025-11-13T03:35:39.112+0000] {logging_mixin.py:190} INFO - [2025-11-13T03:35:39.112+0000] {dagbag.py:588} INFO - Filling up the DagBag from /opt/airflow/dags/example_01_basic_sequential.py
[2025-11-13T03:35:39.125+0000] {processor.py:925} INFO - DAG(s) 'example_01_basic_sequential' retrieved from /opt/airflow/dags/example_01_basic_sequential.py
[2025-11-13T03:35:39.154+0000] {logging_mixin.py:190} INFO - [2025-11-13T03:35:39.153+0000] {dag.py:3239} INFO - Sync 1 DAGs
[2025-11-13T03:35:39.178+0000] {logging_mixin.py:190} INFO - [2025-11-13T03:35:39.178+0000] {dag.py:4180} INFO - Setting next_dagrun for example_01_basic_sequential to 2025-11-13 00:00:00+00:00, run_after=2025-11-14 00:00:00+00:00
[2025-11-13T03:35:39.195+0000] {processor.py:208} INFO - Processing /opt/airflow/dags/example_01_basic_sequential.py took 0.097 seconds
[2025-11-13T03:36:09.415+0000] {processor.py:186} INFO - Started process (PID=360) to work on /opt/airflow/dags/example_01_basic_sequential.py
[2025-11-13T03:36:09.418+0000] {processor.py:914} INFO - Processing file /opt/airflow/dags/example_01_basic_sequential.py for tasks to queue
[2025-11-13T03:36:09.420+0000] {logging_mixin.py:190} INFO - [2025-11-13T03:36:09.420+0000] {dagbag.py:588} INFO - Filling up the DagBag from /opt/airflow/dags/example_01_basic_sequential.py
[2025-11-13T03:36:09.430+0000] {processor.py:925} INFO - DAG(s) 'example_01_basic_sequential' retrieved from /opt/airflow/dags/example_01_basic_sequential.py
[2025-11-13T03:36:09.456+0000] {logging_mixin.py:190} INFO - [2025-11-13T03:36:09.456+0000] {dag.py:3239} INFO - Sync 1 DAGs
[2025-11-13T03:36:09.471+0000] {logging_mixin.py:190} INFO - [2025-11-13T03:36:09.470+0000] {dag.py:4180} INFO - Setting next_dagrun for example_01_basic_sequential to 2025-11-13 00:00:00+00:00, run_after=2025-11-14 00:00:00+00:00
[2025-11-13T03:36:09.484+0000] {processor.py:208} INFO - Processing /opt/airflow/dags/example_01_basic_sequential.py took 0.081 seconds
[2025-11-13T03:36:39.700+0000] {processor.py:186} INFO - Started process (PID=376) to work on /opt/airflow/dags/example_01_basic_sequential.py
[2025-11-13T03:36:39.701+0000] {processor.py:914} INFO - Processing file /opt/airflow/dags/example_01_basic_sequential.py for tasks to queue
[2025-11-13T03:36:39.704+0000] {logging_mixin.py:190} INFO - [2025-11-13T03:36:39.704+0000] {dagbag.py:588} INFO - Filling up the DagBag from /opt/airflow/dags/example_01_basic_sequential.py
[2025-11-13T03:36:39.713+0000] {processor.py:925} INFO - DAG(s) 'example_01_basic_sequential' retrieved from /opt/airflow/dags/example_01_basic_sequential.py
[2025-11-13T03:36:39.735+0000] {logging_mixin.py:190} INFO - [2025-11-13T03:36:39.735+0000] {dag.py:3239} INFO - Sync 1 DAGs
[2025-11-13T03:36:39.753+0000] {logging_mixin.py:190} INFO - [2025-11-13T03:36:39.753+0000] {dag.py:4180} INFO - Setting next_dagrun for example_01_basic_sequential to 2025-11-13 00:00:00+00:00, run_after=2025-11-14 00:00:00+00:00
[2025-11-13T03:36:39.766+0000] {processor.py:208} INFO - Processing /opt/airflow/dags/example_01_basic_sequential.py took 0.072 seconds
[2025-11-13T03:37:10.008+0000] {processor.py:186} INFO - Started process (PID=392) to work on /opt/airflow/dags/example_01_basic_sequential.py
[2025-11-13T03:37:10.015+0000] {processor.py:914} INFO - Processing file /opt/airflow/dags/example_01_basic_sequential.py for tasks to queue
[2025-11-13T03:37:10.019+0000] {logging_mixin.py:190} INFO - [2025-11-13T03:37:10.019+0000] {dagbag.py:588} INFO - Filling up the DagBag from /opt/airflow/dags/example_01_basic_sequential.py
[2025-11-13T03:37:10.029+0000] {processor.py:925} INFO - DAG(s) 'example_01_basic_sequential' retrieved from /opt/airflow/dags/example_01_basic_sequential.py
[2025-11-13T03:37:10.053+0000] {logging_mixin.py:190} INFO - [2025-11-13T03:37:10.053+0000] {dag.py:3239} INFO - Sync 1 DAGs
[2025-11-13T03:37:10.068+0000] {logging_mixin.py:190} INFO - [2025-11-13T03:37:10.068+0000] {dag.py:4180} INFO - Setting next_dagrun for example_01_basic_sequential to 2025-11-13 00:00:00+00:00, run_after=2025-11-14 00:00:00+00:00
[2025-11-13T03:37:10.083+0000] {processor.py:208} INFO - Processing /opt/airflow/dags/example_01_basic_sequential.py took 0.085 seconds
[2025-11-13T03:39:21.198+0000] {processor.py:186} INFO - Started process (PID=181) to work on /opt/airflow/dags/example_01_basic_sequential.py
[2025-11-13T03:39:21.199+0000] {processor.py:914} INFO - Processing file /opt/airflow/dags/example_01_basic_sequential.py for tasks to queue
[2025-11-13T03:39:21.202+0000] {logging_mixin.py:190} INFO - [2025-11-13T03:39:21.201+0000] {dagbag.py:588} INFO - Filling up the DagBag from /opt/airflow/dags/example_01_basic_sequential.py
[2025-11-13T03:39:21.212+0000] {processor.py:925} INFO - DAG(s) 'example_01_basic_sequential' retrieved from /opt/airflow/dags/example_01_basic_sequential.py
[2025-11-13T03:39:21.233+0000] {logging_mixin.py:190} INFO - [2025-11-13T03:39:21.233+0000] {dag.py:3239} INFO - Sync 1 DAGs
[2025-11-13T03:39:21.250+0000] {logging_mixin.py:190} INFO - [2025-11-13T03:39:21.250+0000] {dag.py:4180} INFO - Setting next_dagrun for example_01_basic_sequential to 2025-11-13 00:00:00+00:00, run_after=2025-11-14 00:00:00+00:00
[2025-11-13T03:39:21.266+0000] {processor.py:208} INFO - Processing /opt/airflow/dags/example_01_basic_sequential.py took 0.075 seconds
[2025-11-13T03:39:51.371+0000] {processor.py:186} INFO - Started process (PID=197) to work on /opt/airflow/dags/example_01_basic_sequential.py
[2025-11-13T03:39:51.372+0000] {processor.py:914} INFO - Processing file /opt/airflow/dags/example_01_basic_sequential.py for tasks to queue
[2025-11-13T03:39:51.374+0000] {logging_mixin.py:190} INFO - [2025-11-13T03:39:51.374+0000] {dagbag.py:588} INFO - Filling up the DagBag from /opt/airflow/dags/example_01_basic_sequential.py
[2025-11-13T03:39:51.384+0000] {processor.py:925} INFO - DAG(s) 'example_01_basic_sequential' retrieved from /opt/airflow/dags/example_01_basic_sequential.py
[2025-11-13T03:39:51.408+0000] {logging_mixin.py:190} INFO - [2025-11-13T03:39:51.408+0000] {dag.py:3239} INFO - Sync 1 DAGs
[2025-11-13T03:39:51.428+0000] {logging_mixin.py:190} INFO - [2025-11-13T03:39:51.427+0000] {dag.py:4180} INFO - Setting next_dagrun for example_01_basic_sequential to 2025-11-13 00:00:00+00:00, run_after=2025-11-14 00:00:00+00:00
[2025-11-13T03:39:51.459+0000] {processor.py:208} INFO - Processing /opt/airflow/dags/example_01_basic_sequential.py took 0.094 seconds
[2025-11-13T03:40:21.674+0000] {processor.py:186} INFO - Started process (PID=213) to work on /opt/airflow/dags/example_01_basic_sequential.py
[2025-11-13T03:40:21.675+0000] {processor.py:914} INFO - Processing file /opt/airflow/dags/example_01_basic_sequential.py for tasks to queue
[2025-11-13T03:40:21.678+0000] {logging_mixin.py:190} INFO - [2025-11-13T03:40:21.678+0000] {dagbag.py:588} INFO - Filling up the DagBag from /opt/airflow/dags/example_01_basic_sequential.py
[2025-11-13T03:40:21.693+0000] {processor.py:925} INFO - DAG(s) 'example_01_basic_sequential' retrieved from /opt/airflow/dags/example_01_basic_sequential.py
[2025-11-13T03:40:21.715+0000] {logging_mixin.py:190} INFO - [2025-11-13T03:40:21.715+0000] {dag.py:3239} INFO - Sync 1 DAGs
[2025-11-13T03:40:21.731+0000] {logging_mixin.py:190} INFO - [2025-11-13T03:40:21.730+0000] {dag.py:4180} INFO - Setting next_dagrun for example_01_basic_sequential to 2025-11-13 00:00:00+00:00, run_after=2025-11-14 00:00:00+00:00
[2025-11-13T03:40:21.751+0000] {processor.py:208} INFO - Processing /opt/airflow/dags/example_01_basic_sequential.py took 0.085 seconds
[2025-11-13T03:40:52.024+0000] {processor.py:186} INFO - Started process (PID=229) to work on /opt/airflow/dags/example_01_basic_sequential.py
[2025-11-13T03:40:52.025+0000] {processor.py:914} INFO - Processing file /opt/airflow/dags/example_01_basic_sequential.py for tasks to queue
[2025-11-13T03:40:52.029+0000] {logging_mixin.py:190} INFO - [2025-11-13T03:40:52.029+0000] {dagbag.py:588} INFO - Filling up the DagBag from /opt/airflow/dags/example_01_basic_sequential.py
[2025-11-13T03:40:52.043+0000] {processor.py:925} INFO - DAG(s) 'example_01_basic_sequential' retrieved from /opt/airflow/dags/example_01_basic_sequential.py
[2025-11-13T03:40:52.064+0000] {logging_mixin.py:190} INFO - [2025-11-13T03:40:52.064+0000] {dag.py:3239} INFO - Sync 1 DAGs
[2025-11-13T03:40:52.083+0000] {logging_mixin.py:190} INFO - [2025-11-13T03:40:52.082+0000] {dag.py:4180} INFO - Setting next_dagrun for example_01_basic_sequential to 2025-11-13 00:00:00+00:00, run_after=2025-11-14 00:00:00+00:00
[2025-11-13T03:40:52.098+0000] {processor.py:208} INFO - Processing /opt/airflow/dags/example_01_basic_sequential.py took 0.082 seconds
[2025-11-13T03:41:22.326+0000] {processor.py:186} INFO - Started process (PID=245) to work on /opt/airflow/dags/example_01_basic_sequential.py
[2025-11-13T03:41:22.327+0000] {processor.py:914} INFO - Processing file /opt/airflow/dags/example_01_basic_sequential.py for tasks to queue
[2025-11-13T03:41:22.329+0000] {logging_mixin.py:190} INFO - [2025-11-13T03:41:22.329+0000] {dagbag.py:588} INFO - Filling up the DagBag from /opt/airflow/dags/example_01_basic_sequential.py
[2025-11-13T03:41:22.338+0000] {processor.py:925} INFO - DAG(s) 'example_01_basic_sequential' retrieved from /opt/airflow/dags/example_01_basic_sequential.py
[2025-11-13T03:41:22.358+0000] {logging_mixin.py:190} INFO - [2025-11-13T03:41:22.358+0000] {dag.py:3239} INFO - Sync 1 DAGs
[2025-11-13T03:41:22.373+0000] {logging_mixin.py:190} INFO - [2025-11-13T03:41:22.373+0000] {dag.py:4180} INFO - Setting next_dagrun for example_01_basic_sequential to 2025-11-13 00:00:00+00:00, run_after=2025-11-14 00:00:00+00:00
[2025-11-13T03:41:22.421+0000] {processor.py:208} INFO - Processing /opt/airflow/dags/example_01_basic_sequential.py took 0.099 seconds
[2025-11-13T03:41:52.745+0000] {processor.py:186} INFO - Started process (PID=261) to work on /opt/airflow/dags/example_01_basic_sequential.py
[2025-11-13T03:41:52.747+0000] {processor.py:914} INFO - Processing file /opt/airflow/dags/example_01_basic_sequential.py for tasks to queue
[2025-11-13T03:41:52.751+0000] {logging_mixin.py:190} INFO - [2025-11-13T03:41:52.751+0000] {dagbag.py:588} INFO - Filling up the DagBag from /opt/airflow/dags/example_01_basic_sequential.py
[2025-11-13T03:41:52.766+0000] {processor.py:925} INFO - DAG(s) 'example_01_basic_sequential' retrieved from /opt/airflow/dags/example_01_basic_sequential.py
[2025-11-13T03:41:52.792+0000] {logging_mixin.py:190} INFO - [2025-11-13T03:41:52.792+0000] {dag.py:3239} INFO - Sync 1 DAGs
[2025-11-13T03:41:52.813+0000] {logging_mixin.py:190} INFO - [2025-11-13T03:41:52.813+0000] {dag.py:4180} INFO - Setting next_dagrun for example_01_basic_sequential to 2025-11-13 00:00:00+00:00, run_after=2025-11-14 00:00:00+00:00
[2025-11-13T03:41:52.830+0000] {processor.py:208} INFO - Processing /opt/airflow/dags/example_01_basic_sequential.py took 0.099 seconds
[2025-11-13T03:42:22.990+0000] {processor.py:186} INFO - Started process (PID=277) to work on /opt/airflow/dags/example_01_basic_sequential.py
[2025-11-13T03:42:22.992+0000] {processor.py:914} INFO - Processing file /opt/airflow/dags/example_01_basic_sequential.py for tasks to queue
[2025-11-13T03:42:22.994+0000] {logging_mixin.py:190} INFO - [2025-11-13T03:42:22.994+0000] {dagbag.py:588} INFO - Filling up the DagBag from /opt/airflow/dags/example_01_basic_sequential.py
[2025-11-13T03:42:23.005+0000] {processor.py:925} INFO - DAG(s) 'example_01_basic_sequential' retrieved from /opt/airflow/dags/example_01_basic_sequential.py
[2025-11-13T03:42:23.024+0000] {logging_mixin.py:190} INFO - [2025-11-13T03:42:23.024+0000] {dag.py:3239} INFO - Sync 1 DAGs
[2025-11-13T03:42:23.041+0000] {logging_mixin.py:190} INFO - [2025-11-13T03:42:23.041+0000] {dag.py:4180} INFO - Setting next_dagrun for example_01_basic_sequential to 2025-11-13 00:00:00+00:00, run_after=2025-11-14 00:00:00+00:00
[2025-11-13T03:42:23.055+0000] {processor.py:208} INFO - Processing /opt/airflow/dags/example_01_basic_sequential.py took 0.071 seconds
[2025-11-13T03:42:53.742+0000] {processor.py:186} INFO - Started process (PID=293) to work on /opt/airflow/dags/example_01_basic_sequential.py
[2025-11-13T03:42:53.743+0000] {processor.py:914} INFO - Processing file /opt/airflow/dags/example_01_basic_sequential.py for tasks to queue
[2025-11-13T03:42:53.747+0000] {logging_mixin.py:190} INFO - [2025-11-13T03:42:53.747+0000] {dagbag.py:588} INFO - Filling up the DagBag from /opt/airflow/dags/example_01_basic_sequential.py
[2025-11-13T03:42:53.762+0000] {processor.py:925} INFO - DAG(s) 'example_01_basic_sequential' retrieved from /opt/airflow/dags/example_01_basic_sequential.py
[2025-11-13T03:42:53.786+0000] {logging_mixin.py:190} INFO - [2025-11-13T03:42:53.786+0000] {dag.py:3239} INFO - Sync 1 DAGs
[2025-11-13T03:42:53.803+0000] {logging_mixin.py:190} INFO - [2025-11-13T03:42:53.803+0000] {dag.py:4180} INFO - Setting next_dagrun for example_01_basic_sequential to 2025-11-13 00:00:00+00:00, run_after=2025-11-14 00:00:00+00:00
[2025-11-13T03:42:53.826+0000] {processor.py:208} INFO - Processing /opt/airflow/dags/example_01_basic_sequential.py took 0.102 seconds
[2025-11-13T03:43:24.182+0000] {processor.py:186} INFO - Started process (PID=309) to work on /opt/airflow/dags/example_01_basic_sequential.py
[2025-11-13T03:43:24.185+0000] {processor.py:914} INFO - Processing file /opt/airflow/dags/example_01_basic_sequential.py for tasks to queue
[2025-11-13T03:43:24.188+0000] {logging_mixin.py:190} INFO - [2025-11-13T03:43:24.188+0000] {dagbag.py:588} INFO - Filling up the DagBag from /opt/airflow/dags/example_01_basic_sequential.py
[2025-11-13T03:43:24.204+0000] {processor.py:925} INFO - DAG(s) 'example_01_basic_sequential' retrieved from /opt/airflow/dags/example_01_basic_sequential.py
[2025-11-13T03:43:24.232+0000] {logging_mixin.py:190} INFO - [2025-11-13T03:43:24.231+0000] {dag.py:3239} INFO - Sync 1 DAGs
[2025-11-13T03:43:24.252+0000] {logging_mixin.py:190} INFO - [2025-11-13T03:43:24.252+0000] {dag.py:4180} INFO - Setting next_dagrun for example_01_basic_sequential to 2025-11-13 00:00:00+00:00, run_after=2025-11-14 00:00:00+00:00
[2025-11-13T03:43:24.269+0000] {processor.py:208} INFO - Processing /opt/airflow/dags/example_01_basic_sequential.py took 0.097 seconds
[2025-11-13T03:43:54.491+0000] {processor.py:186} INFO - Started process (PID=325) to work on /opt/airflow/dags/example_01_basic_sequential.py
[2025-11-13T03:43:54.492+0000] {processor.py:914} INFO - Processing file /opt/airflow/dags/example_01_basic_sequential.py for tasks to queue
[2025-11-13T03:43:54.497+0000] {logging_mixin.py:190} INFO - [2025-11-13T03:43:54.497+0000] {dagbag.py:588} INFO - Filling up the DagBag from /opt/airflow/dags/example_01_basic_sequential.py
[2025-11-13T03:43:54.510+0000] {processor.py:925} INFO - DAG(s) 'example_01_basic_sequential' retrieved from /opt/airflow/dags/example_01_basic_sequential.py
[2025-11-13T03:43:54.535+0000] {logging_mixin.py:190} INFO - [2025-11-13T03:43:54.534+0000] {dag.py:3239} INFO - Sync 1 DAGs
[2025-11-13T03:43:54.551+0000] {logging_mixin.py:190} INFO - [2025-11-13T03:43:54.551+0000] {dag.py:4180} INFO - Setting next_dagrun for example_01_basic_sequential to 2025-11-13 00:00:00+00:00, run_after=2025-11-14 00:00:00+00:00
[2025-11-13T03:43:54.567+0000] {processor.py:208} INFO - Processing /opt/airflow/dags/example_01_basic_sequential.py took 0.090 seconds
[2025-11-13T03:44:24.826+0000] {processor.py:186} INFO - Started process (PID=341) to work on /opt/airflow/dags/example_01_basic_sequential.py
[2025-11-13T03:44:24.830+0000] {processor.py:914} INFO - Processing file /opt/airflow/dags/example_01_basic_sequential.py for tasks to queue
[2025-11-13T03:44:24.834+0000] {logging_mixin.py:190} INFO - [2025-11-13T03:44:24.833+0000] {dagbag.py:588} INFO - Filling up the DagBag from /opt/airflow/dags/example_01_basic_sequential.py
[2025-11-13T03:44:24.843+0000] {processor.py:925} INFO - DAG(s) 'example_01_basic_sequential' retrieved from /opt/airflow/dags/example_01_basic_sequential.py
[2025-11-13T03:44:24.868+0000] {logging_mixin.py:190} INFO - [2025-11-13T03:44:24.868+0000] {dag.py:3239} INFO - Sync 1 DAGs
[2025-11-13T03:44:24.887+0000] {logging_mixin.py:190} INFO - [2025-11-13T03:44:24.887+0000] {dag.py:4180} INFO - Setting next_dagrun for example_01_basic_sequential to 2025-11-13 00:00:00+00:00, run_after=2025-11-14 00:00:00+00:00
[2025-11-13T03:44:24.901+0000] {processor.py:208} INFO - Processing /opt/airflow/dags/example_01_basic_sequential.py took 0.084 seconds
[2025-11-13T03:44:55.141+0000] {processor.py:186} INFO - Started process (PID=357) to work on /opt/airflow/dags/example_01_basic_sequential.py
[2025-11-13T03:44:55.144+0000] {processor.py:914} INFO - Processing file /opt/airflow/dags/example_01_basic_sequential.py for tasks to queue
[2025-11-13T03:44:55.147+0000] {logging_mixin.py:190} INFO - [2025-11-13T03:44:55.146+0000] {dagbag.py:588} INFO - Filling up the DagBag from /opt/airflow/dags/example_01_basic_sequential.py
[2025-11-13T03:44:55.159+0000] {processor.py:925} INFO - DAG(s) 'example_01_basic_sequential' retrieved from /opt/airflow/dags/example_01_basic_sequential.py
[2025-11-13T03:44:55.179+0000] {logging_mixin.py:190} INFO - [2025-11-13T03:44:55.178+0000] {dag.py:3239} INFO - Sync 1 DAGs
[2025-11-13T03:44:55.195+0000] {logging_mixin.py:190} INFO - [2025-11-13T03:44:55.194+0000] {dag.py:4180} INFO - Setting next_dagrun for example_01_basic_sequential to 2025-11-13 00:00:00+00:00, run_after=2025-11-14 00:00:00+00:00
[2025-11-13T03:44:55.434+0000] {processor.py:208} INFO - Processing /opt/airflow/dags/example_01_basic_sequential.py took 0.305 seconds
[2025-11-13T03:45:25.677+0000] {processor.py:186} INFO - Started process (PID=373) to work on /opt/airflow/dags/example_01_basic_sequential.py
[2025-11-13T03:45:25.681+0000] {processor.py:914} INFO - Processing file /opt/airflow/dags/example_01_basic_sequential.py for tasks to queue
[2025-11-13T03:45:25.683+0000] {logging_mixin.py:190} INFO - [2025-11-13T03:45:25.683+0000] {dagbag.py:588} INFO - Filling up the DagBag from /opt/airflow/dags/example_01_basic_sequential.py
[2025-11-13T03:45:25.700+0000] {processor.py:925} INFO - DAG(s) 'example_01_basic_sequential' retrieved from /opt/airflow/dags/example_01_basic_sequential.py
[2025-11-13T03:45:25.720+0000] {logging_mixin.py:190} INFO - [2025-11-13T03:45:25.719+0000] {dag.py:3239} INFO - Sync 1 DAGs
[2025-11-13T03:45:25.737+0000] {logging_mixin.py:190} INFO - [2025-11-13T03:45:25.737+0000] {dag.py:4180} INFO - Setting next_dagrun for example_01_basic_sequential to 2025-11-13 00:00:00+00:00, run_after=2025-11-14 00:00:00+00:00
[2025-11-13T03:45:25.754+0000] {processor.py:208} INFO - Processing /opt/airflow/dags/example_01_basic_sequential.py took 0.082 seconds
[2025-11-13T03:45:56.026+0000] {processor.py:186} INFO - Started process (PID=390) to work on /opt/airflow/dags/example_01_basic_sequential.py
[2025-11-13T03:45:56.028+0000] {processor.py:914} INFO - Processing file /opt/airflow/dags/example_01_basic_sequential.py for tasks to queue
[2025-11-13T03:45:56.030+0000] {logging_mixin.py:190} INFO - [2025-11-13T03:45:56.030+0000] {dagbag.py:588} INFO - Filling up the DagBag from /opt/airflow/dags/example_01_basic_sequential.py
[2025-11-13T03:45:56.045+0000] {processor.py:925} INFO - DAG(s) 'example_01_basic_sequential' retrieved from /opt/airflow/dags/example_01_basic_sequential.py
[2025-11-13T03:45:56.070+0000] {logging_mixin.py:190} INFO - [2025-11-13T03:45:56.070+0000] {dag.py:3239} INFO - Sync 1 DAGs
[2025-11-13T03:45:56.087+0000] {logging_mixin.py:190} INFO - [2025-11-13T03:45:56.087+0000] {dag.py:4180} INFO - Setting next_dagrun for example_01_basic_sequential to 2025-11-13 00:00:00+00:00, run_after=2025-11-14 00:00:00+00:00
[2025-11-13T03:45:56.191+0000] {processor.py:208} INFO - Processing /opt/airflow/dags/example_01_basic_sequential.py took 0.175 seconds
[2025-11-13T03:46:26.332+0000] {processor.py:186} INFO - Started process (PID=406) to work on /opt/airflow/dags/example_01_basic_sequential.py
[2025-11-13T03:46:26.333+0000] {processor.py:914} INFO - Processing file /opt/airflow/dags/example_01_basic_sequential.py for tasks to queue
[2025-11-13T03:46:26.336+0000] {logging_mixin.py:190} INFO - [2025-11-13T03:46:26.336+0000] {dagbag.py:588} INFO - Filling up the DagBag from /opt/airflow/dags/example_01_basic_sequential.py
[2025-11-13T03:46:26.352+0000] {processor.py:925} INFO - DAG(s) 'example_01_basic_sequential' retrieved from /opt/airflow/dags/example_01_basic_sequential.py
[2025-11-13T03:46:26.384+0000] {logging_mixin.py:190} INFO - [2025-11-13T03:46:26.383+0000] {dag.py:3239} INFO - Sync 1 DAGs
[2025-11-13T03:46:26.402+0000] {logging_mixin.py:190} INFO - [2025-11-13T03:46:26.402+0000] {dag.py:4180} INFO - Setting next_dagrun for example_01_basic_sequential to 2025-11-13 00:00:00+00:00, run_after=2025-11-14 00:00:00+00:00
[2025-11-13T03:46:26.458+0000] {processor.py:208} INFO - Processing /opt/airflow/dags/example_01_basic_sequential.py took 0.136 seconds
[2025-11-13T03:46:56.780+0000] {processor.py:186} INFO - Started process (PID=428) to work on /opt/airflow/dags/example_01_basic_sequential.py
[2025-11-13T03:46:56.784+0000] {processor.py:914} INFO - Processing file /opt/airflow/dags/example_01_basic_sequential.py for tasks to queue
[2025-11-13T03:46:56.786+0000] {logging_mixin.py:190} INFO - [2025-11-13T03:46:56.786+0000] {dagbag.py:588} INFO - Filling up the DagBag from /opt/airflow/dags/example_01_basic_sequential.py
[2025-11-13T03:46:56.800+0000] {processor.py:925} INFO - DAG(s) 'example_01_basic_sequential' retrieved from /opt/airflow/dags/example_01_basic_sequential.py
[2025-11-13T03:46:56.826+0000] {logging_mixin.py:190} INFO - [2025-11-13T03:46:56.826+0000] {dag.py:3239} INFO - Sync 1 DAGs
[2025-11-13T03:46:56.844+0000] {logging_mixin.py:190} INFO - [2025-11-13T03:46:56.844+0000] {dag.py:4180} INFO - Setting next_dagrun for example_01_basic_sequential to 2025-11-13 00:00:00+00:00, run_after=2025-11-14 00:00:00+00:00
[2025-11-13T03:46:56.859+0000] {processor.py:208} INFO - Processing /opt/airflow/dags/example_01_basic_sequential.py took 0.086 seconds
[2025-11-13T03:47:27.050+0000] {processor.py:186} INFO - Started process (PID=444) to work on /opt/airflow/dags/example_01_basic_sequential.py
[2025-11-13T03:47:27.052+0000] {processor.py:914} INFO - Processing file /opt/airflow/dags/example_01_basic_sequential.py for tasks to queue
[2025-11-13T03:47:27.054+0000] {logging_mixin.py:190} INFO - [2025-11-13T03:47:27.054+0000] {dagbag.py:588} INFO - Filling up the DagBag from /opt/airflow/dags/example_01_basic_sequential.py
[2025-11-13T03:47:27.060+0000] {processor.py:925} INFO - DAG(s) 'example_01_basic_sequential' retrieved from /opt/airflow/dags/example_01_basic_sequential.py
[2025-11-13T03:47:27.081+0000] {logging_mixin.py:190} INFO - [2025-11-13T03:47:27.081+0000] {dag.py:3239} INFO - Sync 1 DAGs
[2025-11-13T03:47:27.096+0000] {logging_mixin.py:190} INFO - [2025-11-13T03:47:27.096+0000] {dag.py:4180} INFO - Setting next_dagrun for example_01_basic_sequential to 2025-11-13 00:00:00+00:00, run_after=2025-11-14 00:00:00+00:00
[2025-11-13T03:47:27.234+0000] {processor.py:208} INFO - Processing /opt/airflow/dags/example_01_basic_sequential.py took 0.193 seconds
[2025-11-13T03:47:57.410+0000] {processor.py:186} INFO - Started process (PID=460) to work on /opt/airflow/dags/example_01_basic_sequential.py
[2025-11-13T03:47:57.411+0000] {processor.py:914} INFO - Processing file /opt/airflow/dags/example_01_basic_sequential.py for tasks to queue
[2025-11-13T03:47:57.414+0000] {logging_mixin.py:190} INFO - [2025-11-13T03:47:57.413+0000] {dagbag.py:588} INFO - Filling up the DagBag from /opt/airflow/dags/example_01_basic_sequential.py
[2025-11-13T03:47:57.424+0000] {processor.py:925} INFO - DAG(s) 'example_01_basic_sequential' retrieved from /opt/airflow/dags/example_01_basic_sequential.py
[2025-11-13T03:47:57.454+0000] {logging_mixin.py:190} INFO - [2025-11-13T03:47:57.454+0000] {dag.py:3239} INFO - Sync 1 DAGs
[2025-11-13T03:47:57.630+0000] {logging_mixin.py:190} INFO - [2025-11-13T03:47:57.630+0000] {dag.py:4180} INFO - Setting next_dagrun for example_01_basic_sequential to 2025-11-13 00:00:00+00:00, run_after=2025-11-14 00:00:00+00:00
[2025-11-13T03:47:57.690+0000] {processor.py:208} INFO - Processing /opt/airflow/dags/example_01_basic_sequential.py took 0.289 seconds
[2025-11-13T03:48:27.976+0000] {processor.py:186} INFO - Started process (PID=476) to work on /opt/airflow/dags/example_01_basic_sequential.py
[2025-11-13T03:48:27.978+0000] {processor.py:914} INFO - Processing file /opt/airflow/dags/example_01_basic_sequential.py for tasks to queue
[2025-11-13T03:48:27.981+0000] {logging_mixin.py:190} INFO - [2025-11-13T03:48:27.981+0000] {dagbag.py:588} INFO - Filling up the DagBag from /opt/airflow/dags/example_01_basic_sequential.py
[2025-11-13T03:48:27.996+0000] {processor.py:925} INFO - DAG(s) 'example_01_basic_sequential' retrieved from /opt/airflow/dags/example_01_basic_sequential.py
[2025-11-13T03:48:28.025+0000] {logging_mixin.py:190} INFO - [2025-11-13T03:48:28.025+0000] {dag.py:3239} INFO - Sync 1 DAGs
[2025-11-13T03:48:28.045+0000] {logging_mixin.py:190} INFO - [2025-11-13T03:48:28.045+0000] {dag.py:4180} INFO - Setting next_dagrun for example_01_basic_sequential to 2025-11-13 00:00:00+00:00, run_after=2025-11-14 00:00:00+00:00
[2025-11-13T03:48:28.115+0000] {processor.py:208} INFO - Processing /opt/airflow/dags/example_01_basic_sequential.py took 0.150 seconds
[2025-11-13T03:48:58.672+0000] {processor.py:186} INFO - Started process (PID=492) to work on /opt/airflow/dags/example_01_basic_sequential.py
[2025-11-13T03:48:58.675+0000] {processor.py:914} INFO - Processing file /opt/airflow/dags/example_01_basic_sequential.py for tasks to queue
[2025-11-13T03:48:58.679+0000] {logging_mixin.py:190} INFO - [2025-11-13T03:48:58.678+0000] {dagbag.py:588} INFO - Filling up the DagBag from /opt/airflow/dags/example_01_basic_sequential.py
[2025-11-13T03:48:58.694+0000] {processor.py:925} INFO - DAG(s) 'example_01_basic_sequential' retrieved from /opt/airflow/dags/example_01_basic_sequential.py
[2025-11-13T03:48:58.720+0000] {logging_mixin.py:190} INFO - [2025-11-13T03:48:58.720+0000] {dag.py:3239} INFO - Sync 1 DAGs
[2025-11-13T03:48:58.738+0000] {logging_mixin.py:190} INFO - [2025-11-13T03:48:58.738+0000] {dag.py:4180} INFO - Setting next_dagrun for example_01_basic_sequential to 2025-11-13 00:00:00+00:00, run_after=2025-11-14 00:00:00+00:00
[2025-11-13T03:48:58.756+0000] {processor.py:208} INFO - Processing /opt/airflow/dags/example_01_basic_sequential.py took 0.096 seconds
[2025-11-13T03:49:29.438+0000] {processor.py:186} INFO - Started process (PID=509) to work on /opt/airflow/dags/example_01_basic_sequential.py
[2025-11-13T03:49:29.439+0000] {processor.py:914} INFO - Processing file /opt/airflow/dags/example_01_basic_sequential.py for tasks to queue
[2025-11-13T03:49:29.443+0000] {logging_mixin.py:190} INFO - [2025-11-13T03:49:29.442+0000] {dagbag.py:588} INFO - Filling up the DagBag from /opt/airflow/dags/example_01_basic_sequential.py
[2025-11-13T03:49:29.452+0000] {processor.py:925} INFO - DAG(s) 'example_01_basic_sequential' retrieved from /opt/airflow/dags/example_01_basic_sequential.py
[2025-11-13T03:49:29.477+0000] {logging_mixin.py:190} INFO - [2025-11-13T03:49:29.477+0000] {dag.py:3239} INFO - Sync 1 DAGs
[2025-11-13T03:49:29.494+0000] {logging_mixin.py:190} INFO - [2025-11-13T03:49:29.494+0000] {dag.py:4180} INFO - Setting next_dagrun for example_01_basic_sequential to 2025-11-13 00:00:00+00:00, run_after=2025-11-14 00:00:00+00:00
[2025-11-13T03:49:29.521+0000] {processor.py:208} INFO - Processing /opt/airflow/dags/example_01_basic_sequential.py took 0.100 seconds
[2025-11-13T03:49:59.664+0000] {processor.py:186} INFO - Started process (PID=525) to work on /opt/airflow/dags/example_01_basic_sequential.py
[2025-11-13T03:49:59.666+0000] {processor.py:914} INFO - Processing file /opt/airflow/dags/example_01_basic_sequential.py for tasks to queue
[2025-11-13T03:49:59.668+0000] {logging_mixin.py:190} INFO - [2025-11-13T03:49:59.668+0000] {dagbag.py:588} INFO - Filling up the DagBag from /opt/airflow/dags/example_01_basic_sequential.py
[2025-11-13T03:49:59.676+0000] {processor.py:925} INFO - DAG(s) 'example_01_basic_sequential' retrieved from /opt/airflow/dags/example_01_basic_sequential.py
[2025-11-13T03:49:59.698+0000] {logging_mixin.py:190} INFO - [2025-11-13T03:49:59.697+0000] {dag.py:3239} INFO - Sync 1 DAGs
[2025-11-13T03:49:59.714+0000] {logging_mixin.py:190} INFO - [2025-11-13T03:49:59.714+0000] {dag.py:4180} INFO - Setting next_dagrun for example_01_basic_sequential to 2025-11-13 00:00:00+00:00, run_after=2025-11-14 00:00:00+00:00
[2025-11-13T03:50:00.361+0000] {processor.py:208} INFO - Processing /opt/airflow/dags/example_01_basic_sequential.py took 0.207 seconds
[2025-11-13T03:50:30.482+0000] {processor.py:186} INFO - Started process (PID=542) to work on /opt/airflow/dags/example_01_basic_sequential.py
[2025-11-13T03:50:30.484+0000] {processor.py:914} INFO - Processing file /opt/airflow/dags/example_01_basic_sequential.py for tasks to queue
[2025-11-13T03:50:30.486+0000] {logging_mixin.py:190} INFO - [2025-11-13T03:50:30.486+0000] {dagbag.py:588} INFO - Filling up the DagBag from /opt/airflow/dags/example_01_basic_sequential.py
[2025-11-13T03:50:30.495+0000] {processor.py:925} INFO - DAG(s) 'example_01_basic_sequential' retrieved from /opt/airflow/dags/example_01_basic_sequential.py
[2025-11-13T03:50:30.516+0000] {logging_mixin.py:190} INFO - [2025-11-13T03:50:30.516+0000] {dag.py:3239} INFO - Sync 1 DAGs
[2025-11-13T03:50:30.685+0000] {logging_mixin.py:190} INFO - [2025-11-13T03:50:30.685+0000] {dag.py:4180} INFO - Setting next_dagrun for example_01_basic_sequential to 2025-11-13 00:00:00+00:00, run_after=2025-11-14 00:00:00+00:00
[2025-11-13T03:50:30.698+0000] {processor.py:208} INFO - Processing /opt/airflow/dags/example_01_basic_sequential.py took 0.224 seconds
[2025-11-13T03:51:01.465+0000] {processor.py:186} INFO - Started process (PID=558) to work on /opt/airflow/dags/example_01_basic_sequential.py
[2025-11-13T03:51:01.467+0000] {processor.py:914} INFO - Processing file /opt/airflow/dags/example_01_basic_sequential.py for tasks to queue
[2025-11-13T03:51:01.470+0000] {logging_mixin.py:190} INFO - [2025-11-13T03:51:01.469+0000] {dagbag.py:588} INFO - Filling up the DagBag from /opt/airflow/dags/example_01_basic_sequential.py
[2025-11-13T03:51:01.483+0000] {processor.py:925} INFO - DAG(s) 'example_01_basic_sequential' retrieved from /opt/airflow/dags/example_01_basic_sequential.py
[2025-11-13T03:51:01.504+0000] {logging_mixin.py:190} INFO - [2025-11-13T03:51:01.504+0000] {dag.py:3239} INFO - Sync 1 DAGs
[2025-11-13T03:51:01.527+0000] {logging_mixin.py:190} INFO - [2025-11-13T03:51:01.527+0000] {dag.py:4180} INFO - Setting next_dagrun for example_01_basic_sequential to 2025-11-13 00:00:00+00:00, run_after=2025-11-14 00:00:00+00:00
[2025-11-13T03:51:01.568+0000] {processor.py:208} INFO - Processing /opt/airflow/dags/example_01_basic_sequential.py took 0.110 seconds
[2025-11-13T03:51:32.240+0000] {processor.py:186} INFO - Started process (PID=574) to work on /opt/airflow/dags/example_01_basic_sequential.py
[2025-11-13T03:51:32.307+0000] {processor.py:914} INFO - Processing file /opt/airflow/dags/example_01_basic_sequential.py for tasks to queue
[2025-11-13T03:51:32.311+0000] {logging_mixin.py:190} INFO - [2025-11-13T03:51:32.311+0000] {dagbag.py:588} INFO - Filling up the DagBag from /opt/airflow/dags/example_01_basic_sequential.py
[2025-11-13T03:51:32.326+0000] {processor.py:925} INFO - DAG(s) 'example_01_basic_sequential' retrieved from /opt/airflow/dags/example_01_basic_sequential.py
[2025-11-13T03:51:32.349+0000] {logging_mixin.py:190} INFO - [2025-11-13T03:51:32.349+0000] {dag.py:3239} INFO - Sync 1 DAGs
[2025-11-13T03:51:32.361+0000] {logging_mixin.py:190} INFO - [2025-11-13T03:51:32.361+0000] {dag.py:4180} INFO - Setting next_dagrun for example_01_basic_sequential to 2025-11-13 00:00:00+00:00, run_after=2025-11-14 00:00:00+00:00
[2025-11-13T03:51:32.391+0000] {processor.py:208} INFO - Processing /opt/airflow/dags/example_01_basic_sequential.py took 0.157 seconds
[2025-11-13T03:52:03.140+0000] {processor.py:186} INFO - Started process (PID=590) to work on /opt/airflow/dags/example_01_basic_sequential.py
[2025-11-13T03:52:03.142+0000] {processor.py:914} INFO - Processing file /opt/airflow/dags/example_01_basic_sequential.py for tasks to queue
[2025-11-13T03:52:03.145+0000] {logging_mixin.py:190} INFO - [2025-11-13T03:52:03.144+0000] {dagbag.py:588} INFO - Filling up the DagBag from /opt/airflow/dags/example_01_basic_sequential.py
[2025-11-13T03:52:03.158+0000] {processor.py:925} INFO - DAG(s) 'example_01_basic_sequential' retrieved from /opt/airflow/dags/example_01_basic_sequential.py
[2025-11-13T03:52:03.189+0000] {logging_mixin.py:190} INFO - [2025-11-13T03:52:03.189+0000] {dag.py:3239} INFO - Sync 1 DAGs
[2025-11-13T03:52:03.207+0000] {logging_mixin.py:190} INFO - [2025-11-13T03:52:03.207+0000] {dag.py:4180} INFO - Setting next_dagrun for example_01_basic_sequential to 2025-11-13 00:00:00+00:00, run_after=2025-11-14 00:00:00+00:00
[2025-11-13T03:52:03.330+0000] {processor.py:208} INFO - Processing /opt/airflow/dags/example_01_basic_sequential.py took 0.200 seconds
[2025-11-13T03:52:33.972+0000] {processor.py:186} INFO - Started process (PID=606) to work on /opt/airflow/dags/example_01_basic_sequential.py
[2025-11-13T03:52:33.974+0000] {processor.py:914} INFO - Processing file /opt/airflow/dags/example_01_basic_sequential.py for tasks to queue
[2025-11-13T03:52:33.976+0000] {logging_mixin.py:190} INFO - [2025-11-13T03:52:33.976+0000] {dagbag.py:588} INFO - Filling up the DagBag from /opt/airflow/dags/example_01_basic_sequential.py
[2025-11-13T03:52:33.985+0000] {processor.py:925} INFO - DAG(s) 'example_01_basic_sequential' retrieved from /opt/airflow/dags/example_01_basic_sequential.py
[2025-11-13T03:52:34.006+0000] {logging_mixin.py:190} INFO - [2025-11-13T03:52:34.006+0000] {dag.py:3239} INFO - Sync 1 DAGs
[2025-11-13T03:52:34.021+0000] {logging_mixin.py:190} INFO - [2025-11-13T03:52:34.021+0000] {dag.py:4180} INFO - Setting next_dagrun for example_01_basic_sequential to 2025-11-13 00:00:00+00:00, run_after=2025-11-14 00:00:00+00:00
[2025-11-13T03:52:34.063+0000] {processor.py:208} INFO - Processing /opt/airflow/dags/example_01_basic_sequential.py took 0.096 seconds
[2025-11-13T03:53:04.827+0000] {processor.py:186} INFO - Started process (PID=622) to work on /opt/airflow/dags/example_01_basic_sequential.py
[2025-11-13T03:53:04.829+0000] {processor.py:914} INFO - Processing file /opt/airflow/dags/example_01_basic_sequential.py for tasks to queue
[2025-11-13T03:53:04.832+0000] {logging_mixin.py:190} INFO - [2025-11-13T03:53:04.830+0000] {dagbag.py:588} INFO - Filling up the DagBag from /opt/airflow/dags/example_01_basic_sequential.py
[2025-11-13T03:53:04.843+0000] {processor.py:925} INFO - DAG(s) 'example_01_basic_sequential' retrieved from /opt/airflow/dags/example_01_basic_sequential.py
[2025-11-13T03:53:04.862+0000] {logging_mixin.py:190} INFO - [2025-11-13T03:53:04.862+0000] {dag.py:3239} INFO - Sync 1 DAGs
[2025-11-13T03:53:04.874+0000] {logging_mixin.py:190} INFO - [2025-11-13T03:53:04.874+0000] {dag.py:4180} INFO - Setting next_dagrun for example_01_basic_sequential to 2025-11-13 00:00:00+00:00, run_after=2025-11-14 00:00:00+00:00
[2025-11-13T03:53:05.063+0000] {processor.py:208} INFO - Processing /opt/airflow/dags/example_01_basic_sequential.py took 0.241 seconds
[2025-11-13T03:53:35.838+0000] {processor.py:186} INFO - Started process (PID=638) to work on /opt/airflow/dags/example_01_basic_sequential.py
[2025-11-13T03:53:35.840+0000] {processor.py:914} INFO - Processing file /opt/airflow/dags/example_01_basic_sequential.py for tasks to queue
[2025-11-13T03:53:35.842+0000] {logging_mixin.py:190} INFO - [2025-11-13T03:53:35.842+0000] {dagbag.py:588} INFO - Filling up the DagBag from /opt/airflow/dags/example_01_basic_sequential.py
[2025-11-13T03:53:35.851+0000] {processor.py:925} INFO - DAG(s) 'example_01_basic_sequential' retrieved from /opt/airflow/dags/example_01_basic_sequential.py
[2025-11-13T03:53:35.870+0000] {logging_mixin.py:190} INFO - [2025-11-13T03:53:35.870+0000] {dag.py:3239} INFO - Sync 1 DAGs
[2025-11-13T03:53:35.885+0000] {logging_mixin.py:190} INFO - [2025-11-13T03:53:35.885+0000] {dag.py:4180} INFO - Setting next_dagrun for example_01_basic_sequential to 2025-11-13 00:00:00+00:00, run_after=2025-11-14 00:00:00+00:00
[2025-11-13T03:53:35.898+0000] {processor.py:208} INFO - Processing /opt/airflow/dags/example_01_basic_sequential.py took 0.067 seconds
[2025-11-13T03:54:06.592+0000] {processor.py:186} INFO - Started process (PID=654) to work on /opt/airflow/dags/example_01_basic_sequential.py
[2025-11-13T03:54:06.593+0000] {processor.py:914} INFO - Processing file /opt/airflow/dags/example_01_basic_sequential.py for tasks to queue
[2025-11-13T03:54:06.595+0000] {logging_mixin.py:190} INFO - [2025-11-13T03:54:06.595+0000] {dagbag.py:588} INFO - Filling up the DagBag from /opt/airflow/dags/example_01_basic_sequential.py
[2025-11-13T03:54:06.604+0000] {processor.py:925} INFO - DAG(s) 'example_01_basic_sequential' retrieved from /opt/airflow/dags/example_01_basic_sequential.py
[2025-11-13T03:54:06.625+0000] {logging_mixin.py:190} INFO - [2025-11-13T03:54:06.625+0000] {dag.py:3239} INFO - Sync 1 DAGs
[2025-11-13T03:54:06.642+0000] {logging_mixin.py:190} INFO - [2025-11-13T03:54:06.641+0000] {dag.py:4180} INFO - Setting next_dagrun for example_01_basic_sequential to 2025-11-13 00:00:00+00:00, run_after=2025-11-14 00:00:00+00:00
[2025-11-13T03:54:06.657+0000] {processor.py:208} INFO - Processing /opt/airflow/dags/example_01_basic_sequential.py took 0.072 seconds
[2025-11-13T03:54:37.345+0000] {processor.py:186} INFO - Started process (PID=670) to work on /opt/airflow/dags/example_01_basic_sequential.py
[2025-11-13T03:54:37.369+0000] {processor.py:914} INFO - Processing file /opt/airflow/dags/example_01_basic_sequential.py for tasks to queue
[2025-11-13T03:54:37.373+0000] {logging_mixin.py:190} INFO - [2025-11-13T03:54:37.373+0000] {dagbag.py:588} INFO - Filling up the DagBag from /opt/airflow/dags/example_01_basic_sequential.py
[2025-11-13T03:54:37.390+0000] {processor.py:925} INFO - DAG(s) 'example_01_basic_sequential' retrieved from /opt/airflow/dags/example_01_basic_sequential.py
[2025-11-13T03:54:37.425+0000] {logging_mixin.py:190} INFO - [2025-11-13T03:54:37.424+0000] {dag.py:3239} INFO - Sync 1 DAGs
[2025-11-13T03:54:37.443+0000] {logging_mixin.py:190} INFO - [2025-11-13T03:54:37.443+0000] {dag.py:4180} INFO - Setting next_dagrun for example_01_basic_sequential to 2025-11-13 00:00:00+00:00, run_after=2025-11-14 00:00:00+00:00
[2025-11-13T03:54:37.455+0000] {processor.py:208} INFO - Processing /opt/airflow/dags/example_01_basic_sequential.py took 0.121 seconds
[2025-11-13T03:55:08.047+0000] {processor.py:186} INFO - Started process (PID=693) to work on /opt/airflow/dags/example_01_basic_sequential.py
[2025-11-13T03:55:08.048+0000] {processor.py:914} INFO - Processing file /opt/airflow/dags/example_01_basic_sequential.py for tasks to queue
[2025-11-13T03:55:08.050+0000] {logging_mixin.py:190} INFO - [2025-11-13T03:55:08.049+0000] {dagbag.py:588} INFO - Filling up the DagBag from /opt/airflow/dags/example_01_basic_sequential.py
[2025-11-13T03:55:08.058+0000] {processor.py:925} INFO - DAG(s) 'example_01_basic_sequential' retrieved from /opt/airflow/dags/example_01_basic_sequential.py
[2025-11-13T03:55:08.082+0000] {logging_mixin.py:190} INFO - [2025-11-13T03:55:08.082+0000] {dag.py:3239} INFO - Sync 1 DAGs
[2025-11-13T03:55:08.098+0000] {logging_mixin.py:190} INFO - [2025-11-13T03:55:08.098+0000] {dag.py:4180} INFO - Setting next_dagrun for example_01_basic_sequential to 2025-11-13 00:00:00+00:00, run_after=2025-11-14 00:00:00+00:00
[2025-11-13T03:55:08.113+0000] {processor.py:208} INFO - Processing /opt/airflow/dags/example_01_basic_sequential.py took 0.071 seconds
[2025-11-13T03:55:38.792+0000] {processor.py:186} INFO - Started process (PID=709) to work on /opt/airflow/dags/example_01_basic_sequential.py
[2025-11-13T03:55:38.793+0000] {processor.py:914} INFO - Processing file /opt/airflow/dags/example_01_basic_sequential.py for tasks to queue
[2025-11-13T03:55:38.796+0000] {logging_mixin.py:190} INFO - [2025-11-13T03:55:38.795+0000] {dagbag.py:588} INFO - Filling up the DagBag from /opt/airflow/dags/example_01_basic_sequential.py
[2025-11-13T03:55:38.806+0000] {processor.py:925} INFO - DAG(s) 'example_01_basic_sequential' retrieved from /opt/airflow/dags/example_01_basic_sequential.py
[2025-11-13T03:55:38.827+0000] {logging_mixin.py:190} INFO - [2025-11-13T03:55:38.826+0000] {dag.py:3239} INFO - Sync 1 DAGs
[2025-11-13T03:55:38.840+0000] {logging_mixin.py:190} INFO - [2025-11-13T03:55:38.840+0000] {dag.py:4180} INFO - Setting next_dagrun for example_01_basic_sequential to 2025-11-13 00:00:00+00:00, run_after=2025-11-14 00:00:00+00:00
[2025-11-13T03:55:39.083+0000] {processor.py:208} INFO - Processing /opt/airflow/dags/example_01_basic_sequential.py took 0.299 seconds
[2025-11-13T03:56:09.498+0000] {processor.py:186} INFO - Started process (PID=731) to work on /opt/airflow/dags/example_01_basic_sequential.py
[2025-11-13T03:56:09.498+0000] {processor.py:914} INFO - Processing file /opt/airflow/dags/example_01_basic_sequential.py for tasks to queue
[2025-11-13T03:56:09.500+0000] {logging_mixin.py:190} INFO - [2025-11-13T03:56:09.499+0000] {dagbag.py:588} INFO - Filling up the DagBag from /opt/airflow/dags/example_01_basic_sequential.py
[2025-11-13T03:56:09.508+0000] {processor.py:925} INFO - DAG(s) 'example_01_basic_sequential' retrieved from /opt/airflow/dags/example_01_basic_sequential.py
[2025-11-13T03:56:09.526+0000] {logging_mixin.py:190} INFO - [2025-11-13T03:56:09.526+0000] {dag.py:3239} INFO - Sync 1 DAGs
[2025-11-13T03:56:09.709+0000] {logging_mixin.py:190} INFO - [2025-11-13T03:56:09.709+0000] {dag.py:4180} INFO - Setting next_dagrun for example_01_basic_sequential to 2025-11-13 00:00:00+00:00, run_after=2025-11-14 00:00:00+00:00
[2025-11-13T03:56:09.725+0000] {processor.py:208} INFO - Processing /opt/airflow/dags/example_01_basic_sequential.py took 0.231 seconds
[2025-11-13T03:56:40.239+0000] {processor.py:186} INFO - Started process (PID=756) to work on /opt/airflow/dags/example_01_basic_sequential.py
[2025-11-13T03:56:40.240+0000] {processor.py:914} INFO - Processing file /opt/airflow/dags/example_01_basic_sequential.py for tasks to queue
[2025-11-13T03:56:40.242+0000] {logging_mixin.py:190} INFO - [2025-11-13T03:56:40.242+0000] {dagbag.py:588} INFO - Filling up the DagBag from /opt/airflow/dags/example_01_basic_sequential.py
[2025-11-13T03:56:40.249+0000] {processor.py:925} INFO - DAG(s) 'example_01_basic_sequential' retrieved from /opt/airflow/dags/example_01_basic_sequential.py
[2025-11-13T03:56:40.265+0000] {logging_mixin.py:190} INFO - [2025-11-13T03:56:40.265+0000] {dag.py:3239} INFO - Sync 1 DAGs
[2025-11-13T03:56:40.276+0000] {logging_mixin.py:190} INFO - [2025-11-13T03:56:40.276+0000] {dag.py:4180} INFO - Setting next_dagrun for example_01_basic_sequential to 2025-11-13 00:00:00+00:00, run_after=2025-11-14 00:00:00+00:00
[2025-11-13T03:56:40.296+0000] {processor.py:208} INFO - Processing /opt/airflow/dags/example_01_basic_sequential.py took 0.064 seconds
[2025-11-13T03:57:11.078+0000] {processor.py:186} INFO - Started process (PID=779) to work on /opt/airflow/dags/example_01_basic_sequential.py
[2025-11-13T03:57:11.139+0000] {processor.py:914} INFO - Processing file /opt/airflow/dags/example_01_basic_sequential.py for tasks to queue
[2025-11-13T03:57:11.144+0000] {logging_mixin.py:190} INFO - [2025-11-13T03:57:11.144+0000] {dagbag.py:588} INFO - Filling up the DagBag from /opt/airflow/dags/example_01_basic_sequential.py
[2025-11-13T03:57:11.177+0000] {processor.py:925} INFO - DAG(s) 'example_01_basic_sequential' retrieved from /opt/airflow/dags/example_01_basic_sequential.py
[2025-11-13T03:57:11.224+0000] {logging_mixin.py:190} INFO - [2025-11-13T03:57:11.224+0000] {dag.py:3239} INFO - Sync 1 DAGs
[2025-11-13T03:57:11.253+0000] {logging_mixin.py:190} INFO - [2025-11-13T03:57:11.252+0000] {dag.py:4180} INFO - Setting next_dagrun for example_01_basic_sequential to 2025-11-13 00:00:00+00:00, run_after=2025-11-14 00:00:00+00:00
[2025-11-13T03:57:11.274+0000] {processor.py:208} INFO - Processing /opt/airflow/dags/example_01_basic_sequential.py took 0.202 seconds
[2025-11-13T03:57:42.078+0000] {processor.py:186} INFO - Started process (PID=802) to work on /opt/airflow/dags/example_01_basic_sequential.py
[2025-11-13T03:57:42.079+0000] {processor.py:914} INFO - Processing file /opt/airflow/dags/example_01_basic_sequential.py for tasks to queue
[2025-11-13T03:57:42.082+0000] {logging_mixin.py:190} INFO - [2025-11-13T03:57:42.082+0000] {dagbag.py:588} INFO - Filling up the DagBag from /opt/airflow/dags/example_01_basic_sequential.py
[2025-11-13T03:57:42.093+0000] {processor.py:925} INFO - DAG(s) 'example_01_basic_sequential' retrieved from /opt/airflow/dags/example_01_basic_sequential.py
[2025-11-13T03:57:42.111+0000] {logging_mixin.py:190} INFO - [2025-11-13T03:57:42.111+0000] {dag.py:3239} INFO - Sync 1 DAGs
[2025-11-13T03:57:42.129+0000] {logging_mixin.py:190} INFO - [2025-11-13T03:57:42.128+0000] {dag.py:4180} INFO - Setting next_dagrun for example_01_basic_sequential to 2025-11-13 00:00:00+00:00, run_after=2025-11-14 00:00:00+00:00
[2025-11-13T03:57:42.142+0000] {processor.py:208} INFO - Processing /opt/airflow/dags/example_01_basic_sequential.py took 0.072 seconds
[2025-11-13T03:58:12.920+0000] {processor.py:186} INFO - Started process (PID=818) to work on /opt/airflow/dags/example_01_basic_sequential.py
[2025-11-13T03:58:12.921+0000] {processor.py:914} INFO - Processing file /opt/airflow/dags/example_01_basic_sequential.py for tasks to queue
[2025-11-13T03:58:12.923+0000] {logging_mixin.py:190} INFO - [2025-11-13T03:58:12.923+0000] {dagbag.py:588} INFO - Filling up the DagBag from /opt/airflow/dags/example_01_basic_sequential.py
[2025-11-13T03:58:12.932+0000] {processor.py:925} INFO - DAG(s) 'example_01_basic_sequential' retrieved from /opt/airflow/dags/example_01_basic_sequential.py
[2025-11-13T03:58:12.950+0000] {logging_mixin.py:190} INFO - [2025-11-13T03:58:12.950+0000] {dag.py:3239} INFO - Sync 1 DAGs
[2025-11-13T03:58:12.965+0000] {logging_mixin.py:190} INFO - [2025-11-13T03:58:12.965+0000] {dag.py:4180} INFO - Setting next_dagrun for example_01_basic_sequential to 2025-11-13 00:00:00+00:00, run_after=2025-11-14 00:00:00+00:00
[2025-11-13T03:58:13.101+0000] {processor.py:208} INFO - Processing /opt/airflow/dags/example_01_basic_sequential.py took 0.187 seconds
[2025-11-13T03:58:43.264+0000] {processor.py:186} INFO - Started process (PID=862) to work on /opt/airflow/dags/example_01_basic_sequential.py
[2025-11-13T03:58:43.265+0000] {processor.py:914} INFO - Processing file /opt/airflow/dags/example_01_basic_sequential.py for tasks to queue
[2025-11-13T03:58:43.268+0000] {logging_mixin.py:190} INFO - [2025-11-13T03:58:43.268+0000] {dagbag.py:588} INFO - Filling up the DagBag from /opt/airflow/dags/example_01_basic_sequential.py
[2025-11-13T03:58:43.283+0000] {processor.py:925} INFO - DAG(s) 'example_01_basic_sequential' retrieved from /opt/airflow/dags/example_01_basic_sequential.py
[2025-11-13T03:58:43.309+0000] {logging_mixin.py:190} INFO - [2025-11-13T03:58:43.308+0000] {dag.py:3239} INFO - Sync 1 DAGs
[2025-11-13T03:58:43.478+0000] {logging_mixin.py:190} INFO - [2025-11-13T03:58:43.478+0000] {dag.py:4180} INFO - Setting next_dagrun for example_01_basic_sequential to 2025-11-13 00:00:00+00:00, run_after=2025-11-14 00:00:00+00:00
[2025-11-13T03:58:43.493+0000] {processor.py:208} INFO - Processing /opt/airflow/dags/example_01_basic_sequential.py took 0.239 seconds
[2025-11-13T03:59:14.079+0000] {processor.py:186} INFO - Started process (PID=895) to work on /opt/airflow/dags/example_01_basic_sequential.py
[2025-11-13T03:59:14.085+0000] {processor.py:914} INFO - Processing file /opt/airflow/dags/example_01_basic_sequential.py for tasks to queue
[2025-11-13T03:59:14.088+0000] {logging_mixin.py:190} INFO - [2025-11-13T03:59:14.087+0000] {dagbag.py:588} INFO - Filling up the DagBag from /opt/airflow/dags/example_01_basic_sequential.py
[2025-11-13T03:59:14.098+0000] {processor.py:925} INFO - DAG(s) 'example_01_basic_sequential' retrieved from /opt/airflow/dags/example_01_basic_sequential.py
[2025-11-13T03:59:14.122+0000] {logging_mixin.py:190} INFO - [2025-11-13T03:59:14.122+0000] {dag.py:3239} INFO - Sync 1 DAGs
[2025-11-13T03:59:14.139+0000] {logging_mixin.py:190} INFO - [2025-11-13T03:59:14.139+0000] {dag.py:4180} INFO - Setting next_dagrun for example_01_basic_sequential to 2025-11-13 00:00:00+00:00, run_after=2025-11-14 00:00:00+00:00
[2025-11-13T03:59:14.157+0000] {processor.py:208} INFO - Processing /opt/airflow/dags/example_01_basic_sequential.py took 0.088 seconds
[2025-11-13T03:59:44.788+0000] {processor.py:186} INFO - Started process (PID=931) to work on /opt/airflow/dags/example_01_basic_sequential.py
[2025-11-13T03:59:44.816+0000] {processor.py:914} INFO - Processing file /opt/airflow/dags/example_01_basic_sequential.py for tasks to queue
[2025-11-13T03:59:44.818+0000] {logging_mixin.py:190} INFO - [2025-11-13T03:59:44.818+0000] {dagbag.py:588} INFO - Filling up the DagBag from /opt/airflow/dags/example_01_basic_sequential.py
[2025-11-13T03:59:44.828+0000] {processor.py:925} INFO - DAG(s) 'example_01_basic_sequential' retrieved from /opt/airflow/dags/example_01_basic_sequential.py
[2025-11-13T03:59:44.851+0000] {logging_mixin.py:190} INFO - [2025-11-13T03:59:44.851+0000] {dag.py:3239} INFO - Sync 1 DAGs
[2025-11-13T03:59:44.868+0000] {logging_mixin.py:190} INFO - [2025-11-13T03:59:44.868+0000] {dag.py:4180} INFO - Setting next_dagrun for example_01_basic_sequential to 2025-11-13 00:00:00+00:00, run_after=2025-11-14 00:00:00+00:00
[2025-11-13T03:59:44.883+0000] {processor.py:208} INFO - Processing /opt/airflow/dags/example_01_basic_sequential.py took 0.100 seconds
[2025-11-13T04:00:15.527+0000] {processor.py:186} INFO - Started process (PID=956) to work on /opt/airflow/dags/example_01_basic_sequential.py
[2025-11-13T04:00:15.529+0000] {processor.py:914} INFO - Processing file /opt/airflow/dags/example_01_basic_sequential.py for tasks to queue
[2025-11-13T04:00:15.530+0000] {logging_mixin.py:190} INFO - [2025-11-13T04:00:15.530+0000] {dagbag.py:588} INFO - Filling up the DagBag from /opt/airflow/dags/example_01_basic_sequential.py
[2025-11-13T04:00:15.540+0000] {processor.py:925} INFO - DAG(s) 'example_01_basic_sequential' retrieved from /opt/airflow/dags/example_01_basic_sequential.py
[2025-11-13T04:00:15.558+0000] {logging_mixin.py:190} INFO - [2025-11-13T04:00:15.558+0000] {dag.py:3239} INFO - Sync 1 DAGs
[2025-11-13T04:00:15.570+0000] {logging_mixin.py:190} INFO - [2025-11-13T04:00:15.570+0000] {dag.py:4180} INFO - Setting next_dagrun for example_01_basic_sequential to 2025-11-13 00:00:00+00:00, run_after=2025-11-14 00:00:00+00:00
[2025-11-13T04:00:15.588+0000] {processor.py:208} INFO - Processing /opt/airflow/dags/example_01_basic_sequential.py took 0.066 seconds
[2025-11-13T04:00:46.231+0000] {processor.py:186} INFO - Started process (PID=996) to work on /opt/airflow/dags/example_01_basic_sequential.py
[2025-11-13T04:00:46.233+0000] {processor.py:914} INFO - Processing file /opt/airflow/dags/example_01_basic_sequential.py for tasks to queue
[2025-11-13T04:00:46.234+0000] {logging_mixin.py:190} INFO - [2025-11-13T04:00:46.234+0000] {dagbag.py:588} INFO - Filling up the DagBag from /opt/airflow/dags/example_01_basic_sequential.py
[2025-11-13T04:00:46.241+0000] {processor.py:925} INFO - DAG(s) 'example_01_basic_sequential' retrieved from /opt/airflow/dags/example_01_basic_sequential.py
[2025-11-13T04:00:46.259+0000] {logging_mixin.py:190} INFO - [2025-11-13T04:00:46.259+0000] {dag.py:3239} INFO - Sync 1 DAGs
[2025-11-13T04:00:46.273+0000] {logging_mixin.py:190} INFO - [2025-11-13T04:00:46.273+0000] {dag.py:4180} INFO - Setting next_dagrun for example_01_basic_sequential to 2025-11-13 00:00:00+00:00, run_after=2025-11-14 00:00:00+00:00
[2025-11-13T04:00:46.286+0000] {processor.py:208} INFO - Processing /opt/airflow/dags/example_01_basic_sequential.py took 0.067 seconds
[2025-11-13T04:01:17.026+0000] {processor.py:186} INFO - Started process (PID=1012) to work on /opt/airflow/dags/example_01_basic_sequential.py
[2025-11-13T04:01:17.027+0000] {processor.py:914} INFO - Processing file /opt/airflow/dags/example_01_basic_sequential.py for tasks to queue
[2025-11-13T04:01:17.029+0000] {logging_mixin.py:190} INFO - [2025-11-13T04:01:17.029+0000] {dagbag.py:588} INFO - Filling up the DagBag from /opt/airflow/dags/example_01_basic_sequential.py
[2025-11-13T04:01:17.037+0000] {processor.py:925} INFO - DAG(s) 'example_01_basic_sequential' retrieved from /opt/airflow/dags/example_01_basic_sequential.py
[2025-11-13T04:01:17.059+0000] {logging_mixin.py:190} INFO - [2025-11-13T04:01:17.059+0000] {dag.py:3239} INFO - Sync 1 DAGs
[2025-11-13T04:01:17.071+0000] {logging_mixin.py:190} INFO - [2025-11-13T04:01:17.071+0000] {dag.py:4180} INFO - Setting next_dagrun for example_01_basic_sequential to 2025-11-13 00:00:00+00:00, run_after=2025-11-14 00:00:00+00:00
[2025-11-13T04:01:17.255+0000] {processor.py:208} INFO - Processing /opt/airflow/dags/example_01_basic_sequential.py took 0.236 seconds
[2025-11-13T04:01:47.732+0000] {processor.py:186} INFO - Started process (PID=1028) to work on /opt/airflow/dags/example_01_basic_sequential.py
[2025-11-13T04:01:47.733+0000] {processor.py:914} INFO - Processing file /opt/airflow/dags/example_01_basic_sequential.py for tasks to queue
[2025-11-13T04:01:47.735+0000] {logging_mixin.py:190} INFO - [2025-11-13T04:01:47.735+0000] {dagbag.py:588} INFO - Filling up the DagBag from /opt/airflow/dags/example_01_basic_sequential.py
[2025-11-13T04:01:47.747+0000] {processor.py:925} INFO - DAG(s) 'example_01_basic_sequential' retrieved from /opt/airflow/dags/example_01_basic_sequential.py
[2025-11-13T04:01:47.770+0000] {logging_mixin.py:190} INFO - [2025-11-13T04:01:47.770+0000] {dag.py:3239} INFO - Sync 1 DAGs
[2025-11-13T04:01:47.943+0000] {logging_mixin.py:190} INFO - [2025-11-13T04:01:47.943+0000] {dag.py:4180} INFO - Setting next_dagrun for example_01_basic_sequential to 2025-11-13 00:00:00+00:00, run_after=2025-11-14 00:00:00+00:00
[2025-11-13T04:01:47.958+0000] {processor.py:208} INFO - Processing /opt/airflow/dags/example_01_basic_sequential.py took 0.233 seconds
[2025-11-13T04:02:18.666+0000] {processor.py:186} INFO - Started process (PID=1044) to work on /opt/airflow/dags/example_01_basic_sequential.py
[2025-11-13T04:02:18.667+0000] {processor.py:914} INFO - Processing file /opt/airflow/dags/example_01_basic_sequential.py for tasks to queue
[2025-11-13T04:02:18.670+0000] {logging_mixin.py:190} INFO - [2025-11-13T04:02:18.669+0000] {dagbag.py:588} INFO - Filling up the DagBag from /opt/airflow/dags/example_01_basic_sequential.py
[2025-11-13T04:02:18.682+0000] {processor.py:925} INFO - DAG(s) 'example_01_basic_sequential' retrieved from /opt/airflow/dags/example_01_basic_sequential.py
[2025-11-13T04:02:18.710+0000] {logging_mixin.py:190} INFO - [2025-11-13T04:02:18.710+0000] {dag.py:3239} INFO - Sync 1 DAGs
[2025-11-13T04:02:18.729+0000] {logging_mixin.py:190} INFO - [2025-11-13T04:02:18.729+0000] {dag.py:4180} INFO - Setting next_dagrun for example_01_basic_sequential to 2025-11-13 00:00:00+00:00, run_after=2025-11-14 00:00:00+00:00
[2025-11-13T04:02:18.743+0000] {processor.py:208} INFO - Processing /opt/airflow/dags/example_01_basic_sequential.py took 0.090 seconds
[2025-11-13T04:02:49.502+0000] {processor.py:186} INFO - Started process (PID=1059) to work on /opt/airflow/dags/example_01_basic_sequential.py
[2025-11-13T04:02:49.503+0000] {processor.py:914} INFO - Processing file /opt/airflow/dags/example_01_basic_sequential.py for tasks to queue
[2025-11-13T04:02:49.512+0000] {logging_mixin.py:190} INFO - [2025-11-13T04:02:49.511+0000] {dagbag.py:588} INFO - Filling up the DagBag from /opt/airflow/dags/example_01_basic_sequential.py
[2025-11-13T04:02:49.543+0000] {processor.py:925} INFO - DAG(s) 'example_01_basic_sequential' retrieved from /opt/airflow/dags/example_01_basic_sequential.py
[2025-11-13T04:02:49.580+0000] {logging_mixin.py:190} INFO - [2025-11-13T04:02:49.580+0000] {dag.py:3239} INFO - Sync 1 DAGs
[2025-11-13T04:02:49.599+0000] {logging_mixin.py:190} INFO - [2025-11-13T04:02:49.599+0000] {dag.py:4180} INFO - Setting next_dagrun for example_01_basic_sequential to 2025-11-13 00:00:00+00:00, run_after=2025-11-14 00:00:00+00:00
[2025-11-13T04:02:49.618+0000] {processor.py:208} INFO - Processing /opt/airflow/dags/example_01_basic_sequential.py took 0.130 seconds
[2025-11-13T04:03:20.247+0000] {processor.py:186} INFO - Started process (PID=1076) to work on /opt/airflow/dags/example_01_basic_sequential.py
[2025-11-13T04:03:20.250+0000] {processor.py:914} INFO - Processing file /opt/airflow/dags/example_01_basic_sequential.py for tasks to queue
[2025-11-13T04:03:20.261+0000] {logging_mixin.py:190} INFO - [2025-11-13T04:03:20.260+0000] {dagbag.py:588} INFO - Filling up the DagBag from /opt/airflow/dags/example_01_basic_sequential.py
[2025-11-13T04:03:20.279+0000] {processor.py:925} INFO - DAG(s) 'example_01_basic_sequential' retrieved from /opt/airflow/dags/example_01_basic_sequential.py
[2025-11-13T04:03:20.317+0000] {logging_mixin.py:190} INFO - [2025-11-13T04:03:20.317+0000] {dag.py:3239} INFO - Sync 1 DAGs
[2025-11-13T04:03:20.339+0000] {logging_mixin.py:190} INFO - [2025-11-13T04:03:20.339+0000] {dag.py:4180} INFO - Setting next_dagrun for example_01_basic_sequential to 2025-11-13 00:00:00+00:00, run_after=2025-11-14 00:00:00+00:00
[2025-11-13T04:03:20.362+0000] {processor.py:208} INFO - Processing /opt/airflow/dags/example_01_basic_sequential.py took 0.125 seconds
[2025-11-13T04:03:51.097+0000] {processor.py:186} INFO - Started process (PID=1092) to work on /opt/airflow/dags/example_01_basic_sequential.py
[2025-11-13T04:03:51.100+0000] {processor.py:914} INFO - Processing file /opt/airflow/dags/example_01_basic_sequential.py for tasks to queue
[2025-11-13T04:03:51.103+0000] {logging_mixin.py:190} INFO - [2025-11-13T04:03:51.102+0000] {dagbag.py:588} INFO - Filling up the DagBag from /opt/airflow/dags/example_01_basic_sequential.py
[2025-11-13T04:03:51.113+0000] {processor.py:925} INFO - DAG(s) 'example_01_basic_sequential' retrieved from /opt/airflow/dags/example_01_basic_sequential.py
[2025-11-13T04:03:51.138+0000] {logging_mixin.py:190} INFO - [2025-11-13T04:03:51.138+0000] {dag.py:3239} INFO - Sync 1 DAGs
[2025-11-13T04:03:51.152+0000] {logging_mixin.py:190} INFO - [2025-11-13T04:03:51.152+0000] {dag.py:4180} INFO - Setting next_dagrun for example_01_basic_sequential to 2025-11-13 00:00:00+00:00, run_after=2025-11-14 00:00:00+00:00
[2025-11-13T04:03:51.349+0000] {processor.py:208} INFO - Processing /opt/airflow/dags/example_01_basic_sequential.py took 0.261 seconds
[2025-11-13T04:04:21.845+0000] {processor.py:186} INFO - Started process (PID=1108) to work on /opt/airflow/dags/example_01_basic_sequential.py
[2025-11-13T04:04:21.847+0000] {processor.py:914} INFO - Processing file /opt/airflow/dags/example_01_basic_sequential.py for tasks to queue
[2025-11-13T04:04:21.850+0000] {logging_mixin.py:190} INFO - [2025-11-13T04:04:21.850+0000] {dagbag.py:588} INFO - Filling up the DagBag from /opt/airflow/dags/example_01_basic_sequential.py
[2025-11-13T04:04:21.862+0000] {processor.py:925} INFO - DAG(s) 'example_01_basic_sequential' retrieved from /opt/airflow/dags/example_01_basic_sequential.py
[2025-11-13T04:04:21.888+0000] {logging_mixin.py:190} INFO - [2025-11-13T04:04:21.888+0000] {dag.py:3239} INFO - Sync 1 DAGs
[2025-11-13T04:04:22.053+0000] {logging_mixin.py:190} INFO - [2025-11-13T04:04:22.053+0000] {dag.py:4180} INFO - Setting next_dagrun for example_01_basic_sequential to 2025-11-13 00:00:00+00:00, run_after=2025-11-14 00:00:00+00:00
[2025-11-13T04:04:22.066+0000] {processor.py:208} INFO - Processing /opt/airflow/dags/example_01_basic_sequential.py took 0.231 seconds
[2025-11-13T04:04:52.901+0000] {processor.py:186} INFO - Started process (PID=1124) to work on /opt/airflow/dags/example_01_basic_sequential.py
[2025-11-13T04:04:52.902+0000] {processor.py:914} INFO - Processing file /opt/airflow/dags/example_01_basic_sequential.py for tasks to queue
[2025-11-13T04:04:52.906+0000] {logging_mixin.py:190} INFO - [2025-11-13T04:04:52.905+0000] {dagbag.py:588} INFO - Filling up the DagBag from /opt/airflow/dags/example_01_basic_sequential.py
[2025-11-13T04:04:52.920+0000] {processor.py:925} INFO - DAG(s) 'example_01_basic_sequential' retrieved from /opt/airflow/dags/example_01_basic_sequential.py
[2025-11-13T04:04:52.947+0000] {logging_mixin.py:190} INFO - [2025-11-13T04:04:52.947+0000] {dag.py:3239} INFO - Sync 1 DAGs
[2025-11-13T04:04:52.966+0000] {logging_mixin.py:190} INFO - [2025-11-13T04:04:52.966+0000] {dag.py:4180} INFO - Setting next_dagrun for example_01_basic_sequential to 2025-11-13 00:00:00+00:00, run_after=2025-11-14 00:00:00+00:00
[2025-11-13T04:04:52.988+0000] {processor.py:208} INFO - Processing /opt/airflow/dags/example_01_basic_sequential.py took 0.099 seconds
[2025-11-13T04:05:23.805+0000] {processor.py:186} INFO - Started process (PID=1140) to work on /opt/airflow/dags/example_01_basic_sequential.py
[2025-11-13T04:05:23.806+0000] {processor.py:914} INFO - Processing file /opt/airflow/dags/example_01_basic_sequential.py for tasks to queue
[2025-11-13T04:05:23.808+0000] {logging_mixin.py:190} INFO - [2025-11-13T04:05:23.808+0000] {dagbag.py:588} INFO - Filling up the DagBag from /opt/airflow/dags/example_01_basic_sequential.py
[2025-11-13T04:05:23.818+0000] {processor.py:925} INFO - DAG(s) 'example_01_basic_sequential' retrieved from /opt/airflow/dags/example_01_basic_sequential.py
[2025-11-13T04:05:23.839+0000] {logging_mixin.py:190} INFO - [2025-11-13T04:05:23.839+0000] {dag.py:3239} INFO - Sync 1 DAGs
[2025-11-13T04:05:23.855+0000] {logging_mixin.py:190} INFO - [2025-11-13T04:05:23.855+0000] {dag.py:4180} INFO - Setting next_dagrun for example_01_basic_sequential to 2025-11-13 00:00:00+00:00, run_after=2025-11-14 00:00:00+00:00
[2025-11-13T04:05:23.874+0000] {processor.py:208} INFO - Processing /opt/airflow/dags/example_01_basic_sequential.py took 0.074 seconds
[2025-11-13T04:05:54.679+0000] {processor.py:186} INFO - Started process (PID=1154) to work on /opt/airflow/dags/example_01_basic_sequential.py
[2025-11-13T04:05:54.684+0000] {processor.py:914} INFO - Processing file /opt/airflow/dags/example_01_basic_sequential.py for tasks to queue
[2025-11-13T04:05:54.687+0000] {logging_mixin.py:190} INFO - [2025-11-13T04:05:54.687+0000] {dagbag.py:588} INFO - Filling up the DagBag from /opt/airflow/dags/example_01_basic_sequential.py
[2025-11-13T04:05:54.700+0000] {processor.py:925} INFO - DAG(s) 'example_01_basic_sequential' retrieved from /opt/airflow/dags/example_01_basic_sequential.py
[2025-11-13T04:05:54.721+0000] {logging_mixin.py:190} INFO - [2025-11-13T04:05:54.721+0000] {dag.py:3239} INFO - Sync 1 DAGs
[2025-11-13T04:05:54.738+0000] {logging_mixin.py:190} INFO - [2025-11-13T04:05:54.738+0000] {dag.py:4180} INFO - Setting next_dagrun for example_01_basic_sequential to 2025-11-13 00:00:00+00:00, run_after=2025-11-14 00:00:00+00:00
[2025-11-13T04:05:54.752+0000] {processor.py:208} INFO - Processing /opt/airflow/dags/example_01_basic_sequential.py took 0.082 seconds
[2025-11-13T04:06:25.529+0000] {processor.py:186} INFO - Started process (PID=1172) to work on /opt/airflow/dags/example_01_basic_sequential.py
[2025-11-13T04:06:25.531+0000] {processor.py:914} INFO - Processing file /opt/airflow/dags/example_01_basic_sequential.py for tasks to queue
[2025-11-13T04:06:25.534+0000] {logging_mixin.py:190} INFO - [2025-11-13T04:06:25.534+0000] {dagbag.py:588} INFO - Filling up the DagBag from /opt/airflow/dags/example_01_basic_sequential.py
[2025-11-13T04:06:25.544+0000] {processor.py:925} INFO - DAG(s) 'example_01_basic_sequential' retrieved from /opt/airflow/dags/example_01_basic_sequential.py
[2025-11-13T04:06:25.566+0000] {logging_mixin.py:190} INFO - [2025-11-13T04:06:25.566+0000] {dag.py:3239} INFO - Sync 1 DAGs
[2025-11-13T04:06:25.581+0000] {logging_mixin.py:190} INFO - [2025-11-13T04:06:25.581+0000] {dag.py:4180} INFO - Setting next_dagrun for example_01_basic_sequential to 2025-11-13 00:00:00+00:00, run_after=2025-11-14 00:00:00+00:00
[2025-11-13T04:06:25.760+0000] {processor.py:208} INFO - Processing /opt/airflow/dags/example_01_basic_sequential.py took 0.240 seconds
[2025-11-13T04:06:56.307+0000] {processor.py:186} INFO - Started process (PID=1188) to work on /opt/airflow/dags/example_01_basic_sequential.py
[2025-11-13T04:06:56.308+0000] {processor.py:914} INFO - Processing file /opt/airflow/dags/example_01_basic_sequential.py for tasks to queue
[2025-11-13T04:06:56.310+0000] {logging_mixin.py:190} INFO - [2025-11-13T04:06:56.310+0000] {dagbag.py:588} INFO - Filling up the DagBag from /opt/airflow/dags/example_01_basic_sequential.py
[2025-11-13T04:06:56.320+0000] {processor.py:925} INFO - DAG(s) 'example_01_basic_sequential' retrieved from /opt/airflow/dags/example_01_basic_sequential.py
[2025-11-13T04:06:56.342+0000] {logging_mixin.py:190} INFO - [2025-11-13T04:06:56.342+0000] {dag.py:3239} INFO - Sync 1 DAGs
[2025-11-13T04:06:56.516+0000] {logging_mixin.py:190} INFO - [2025-11-13T04:06:56.516+0000] {dag.py:4180} INFO - Setting next_dagrun for example_01_basic_sequential to 2025-11-13 00:00:00+00:00, run_after=2025-11-14 00:00:00+00:00
[2025-11-13T04:06:56.642+0000] {processor.py:208} INFO - Processing /opt/airflow/dags/example_01_basic_sequential.py took 0.341 seconds
[2025-11-13T04:07:26.825+0000] {processor.py:186} INFO - Started process (PID=1204) to work on /opt/airflow/dags/example_01_basic_sequential.py
[2025-11-13T04:07:26.826+0000] {processor.py:914} INFO - Processing file /opt/airflow/dags/example_01_basic_sequential.py for tasks to queue
[2025-11-13T04:07:26.828+0000] {logging_mixin.py:190} INFO - [2025-11-13T04:07:26.828+0000] {dagbag.py:588} INFO - Filling up the DagBag from /opt/airflow/dags/example_01_basic_sequential.py
[2025-11-13T04:07:26.837+0000] {processor.py:925} INFO - DAG(s) 'example_01_basic_sequential' retrieved from /opt/airflow/dags/example_01_basic_sequential.py
[2025-11-13T04:07:26.868+0000] {logging_mixin.py:190} INFO - [2025-11-13T04:07:26.868+0000] {dag.py:3239} INFO - Sync 1 DAGs
[2025-11-13T04:07:26.882+0000] {logging_mixin.py:190} INFO - [2025-11-13T04:07:26.882+0000] {dag.py:4180} INFO - Setting next_dagrun for example_01_basic_sequential to 2025-11-13 00:00:00+00:00, run_after=2025-11-14 00:00:00+00:00
[2025-11-13T04:07:26.894+0000] {processor.py:208} INFO - Processing /opt/airflow/dags/example_01_basic_sequential.py took 0.075 seconds
[2025-11-13T04:07:57.621+0000] {processor.py:186} INFO - Started process (PID=1220) to work on /opt/airflow/dags/example_01_basic_sequential.py
[2025-11-13T04:07:57.622+0000] {processor.py:914} INFO - Processing file /opt/airflow/dags/example_01_basic_sequential.py for tasks to queue
[2025-11-13T04:07:57.624+0000] {logging_mixin.py:190} INFO - [2025-11-13T04:07:57.624+0000] {dagbag.py:588} INFO - Filling up the DagBag from /opt/airflow/dags/example_01_basic_sequential.py
[2025-11-13T04:07:57.635+0000] {processor.py:925} INFO - DAG(s) 'example_01_basic_sequential' retrieved from /opt/airflow/dags/example_01_basic_sequential.py
[2025-11-13T04:07:57.653+0000] {logging_mixin.py:190} INFO - [2025-11-13T04:07:57.653+0000] {dag.py:3239} INFO - Sync 1 DAGs
[2025-11-13T04:07:57.670+0000] {logging_mixin.py:190} INFO - [2025-11-13T04:07:57.670+0000] {dag.py:4180} INFO - Setting next_dagrun for example_01_basic_sequential to 2025-11-13 00:00:00+00:00, run_after=2025-11-14 00:00:00+00:00
[2025-11-13T04:07:57.690+0000] {processor.py:208} INFO - Processing /opt/airflow/dags/example_01_basic_sequential.py took 0.075 seconds
[2025-11-13T04:08:28.418+0000] {processor.py:186} INFO - Started process (PID=1236) to work on /opt/airflow/dags/example_01_basic_sequential.py
[2025-11-13T04:08:28.420+0000] {processor.py:914} INFO - Processing file /opt/airflow/dags/example_01_basic_sequential.py for tasks to queue
[2025-11-13T04:08:28.422+0000] {logging_mixin.py:190} INFO - [2025-11-13T04:08:28.422+0000] {dagbag.py:588} INFO - Filling up the DagBag from /opt/airflow/dags/example_01_basic_sequential.py
[2025-11-13T04:08:28.435+0000] {processor.py:925} INFO - DAG(s) 'example_01_basic_sequential' retrieved from /opt/airflow/dags/example_01_basic_sequential.py
[2025-11-13T04:08:28.462+0000] {logging_mixin.py:190} INFO - [2025-11-13T04:08:28.461+0000] {dag.py:3239} INFO - Sync 1 DAGs
[2025-11-13T04:08:28.480+0000] {logging_mixin.py:190} INFO - [2025-11-13T04:08:28.479+0000] {dag.py:4180} INFO - Setting next_dagrun for example_01_basic_sequential to 2025-11-13 00:00:00+00:00, run_after=2025-11-14 00:00:00+00:00
[2025-11-13T04:08:28.499+0000] {processor.py:208} INFO - Processing /opt/airflow/dags/example_01_basic_sequential.py took 0.088 seconds
[2025-11-13T04:08:59.250+0000] {processor.py:186} INFO - Started process (PID=1252) to work on /opt/airflow/dags/example_01_basic_sequential.py
[2025-11-13T04:08:59.251+0000] {processor.py:914} INFO - Processing file /opt/airflow/dags/example_01_basic_sequential.py for tasks to queue
[2025-11-13T04:08:59.254+0000] {logging_mixin.py:190} INFO - [2025-11-13T04:08:59.253+0000] {dagbag.py:588} INFO - Filling up the DagBag from /opt/airflow/dags/example_01_basic_sequential.py
[2025-11-13T04:08:59.269+0000] {processor.py:925} INFO - DAG(s) 'example_01_basic_sequential' retrieved from /opt/airflow/dags/example_01_basic_sequential.py
[2025-11-13T04:08:59.292+0000] {logging_mixin.py:190} INFO - [2025-11-13T04:08:59.292+0000] {dag.py:3239} INFO - Sync 1 DAGs
[2025-11-13T04:08:59.311+0000] {logging_mixin.py:190} INFO - [2025-11-13T04:08:59.311+0000] {dag.py:4180} INFO - Setting next_dagrun for example_01_basic_sequential to 2025-11-13 00:00:00+00:00, run_after=2025-11-14 00:00:00+00:00
[2025-11-13T04:08:59.326+0000] {processor.py:208} INFO - Processing /opt/airflow/dags/example_01_basic_sequential.py took 0.084 seconds
[2025-11-13T04:09:30.163+0000] {processor.py:186} INFO - Started process (PID=1267) to work on /opt/airflow/dags/example_01_basic_sequential.py
[2025-11-13T04:09:30.165+0000] {processor.py:914} INFO - Processing file /opt/airflow/dags/example_01_basic_sequential.py for tasks to queue
[2025-11-13T04:09:30.168+0000] {logging_mixin.py:190} INFO - [2025-11-13T04:09:30.168+0000] {dagbag.py:588} INFO - Filling up the DagBag from /opt/airflow/dags/example_01_basic_sequential.py
[2025-11-13T04:09:30.180+0000] {processor.py:925} INFO - DAG(s) 'example_01_basic_sequential' retrieved from /opt/airflow/dags/example_01_basic_sequential.py
[2025-11-13T04:09:30.203+0000] {logging_mixin.py:190} INFO - [2025-11-13T04:09:30.203+0000] {dag.py:3239} INFO - Sync 1 DAGs
[2025-11-13T04:09:30.386+0000] {logging_mixin.py:190} INFO - [2025-11-13T04:09:30.386+0000] {dag.py:4180} INFO - Setting next_dagrun for example_01_basic_sequential to 2025-11-13 00:00:00+00:00, run_after=2025-11-14 00:00:00+00:00
[2025-11-13T04:09:30.398+0000] {processor.py:208} INFO - Processing /opt/airflow/dags/example_01_basic_sequential.py took 0.246 seconds
[2025-11-13T04:10:00.893+0000] {processor.py:186} INFO - Started process (PID=1285) to work on /opt/airflow/dags/example_01_basic_sequential.py
[2025-11-13T04:10:00.894+0000] {processor.py:914} INFO - Processing file /opt/airflow/dags/example_01_basic_sequential.py for tasks to queue
[2025-11-13T04:10:00.896+0000] {logging_mixin.py:190} INFO - [2025-11-13T04:10:00.896+0000] {dagbag.py:588} INFO - Filling up the DagBag from /opt/airflow/dags/example_01_basic_sequential.py
[2025-11-13T04:10:00.904+0000] {processor.py:925} INFO - DAG(s) 'example_01_basic_sequential' retrieved from /opt/airflow/dags/example_01_basic_sequential.py
[2025-11-13T04:10:00.925+0000] {logging_mixin.py:190} INFO - [2025-11-13T04:10:00.924+0000] {dag.py:3239} INFO - Sync 1 DAGs
[2025-11-13T04:10:00.940+0000] {logging_mixin.py:190} INFO - [2025-11-13T04:10:00.940+0000] {dag.py:4180} INFO - Setting next_dagrun for example_01_basic_sequential to 2025-11-13 00:00:00+00:00, run_after=2025-11-14 00:00:00+00:00
[2025-11-13T04:10:00.956+0000] {processor.py:208} INFO - Processing /opt/airflow/dags/example_01_basic_sequential.py took 0.068 seconds
[2025-11-13T04:10:31.673+0000] {processor.py:186} INFO - Started process (PID=1301) to work on /opt/airflow/dags/example_01_basic_sequential.py
[2025-11-13T04:10:31.674+0000] {processor.py:914} INFO - Processing file /opt/airflow/dags/example_01_basic_sequential.py for tasks to queue
[2025-11-13T04:10:31.677+0000] {logging_mixin.py:190} INFO - [2025-11-13T04:10:31.677+0000] {dagbag.py:588} INFO - Filling up the DagBag from /opt/airflow/dags/example_01_basic_sequential.py
[2025-11-13T04:10:31.689+0000] {processor.py:925} INFO - DAG(s) 'example_01_basic_sequential' retrieved from /opt/airflow/dags/example_01_basic_sequential.py
[2025-11-13T04:10:31.713+0000] {logging_mixin.py:190} INFO - [2025-11-13T04:10:31.713+0000] {dag.py:3239} INFO - Sync 1 DAGs
[2025-11-13T04:10:31.730+0000] {logging_mixin.py:190} INFO - [2025-11-13T04:10:31.730+0000] {dag.py:4180} INFO - Setting next_dagrun for example_01_basic_sequential to 2025-11-13 00:00:00+00:00, run_after=2025-11-14 00:00:00+00:00
[2025-11-13T04:10:31.747+0000] {processor.py:208} INFO - Processing /opt/airflow/dags/example_01_basic_sequential.py took 0.083 seconds
[2025-11-13T04:11:02.474+0000] {processor.py:186} INFO - Started process (PID=1317) to work on /opt/airflow/dags/example_01_basic_sequential.py
[2025-11-13T04:11:02.475+0000] {processor.py:914} INFO - Processing file /opt/airflow/dags/example_01_basic_sequential.py for tasks to queue
[2025-11-13T04:11:02.478+0000] {logging_mixin.py:190} INFO - [2025-11-13T04:11:02.478+0000] {dagbag.py:588} INFO - Filling up the DagBag from /opt/airflow/dags/example_01_basic_sequential.py
[2025-11-13T04:11:02.489+0000] {processor.py:925} INFO - DAG(s) 'example_01_basic_sequential' retrieved from /opt/airflow/dags/example_01_basic_sequential.py
[2025-11-13T04:11:02.511+0000] {logging_mixin.py:190} INFO - [2025-11-13T04:11:02.510+0000] {dag.py:3239} INFO - Sync 1 DAGs
[2025-11-13T04:11:02.529+0000] {logging_mixin.py:190} INFO - [2025-11-13T04:11:02.529+0000] {dag.py:4180} INFO - Setting next_dagrun for example_01_basic_sequential to 2025-11-13 00:00:00+00:00, run_after=2025-11-14 00:00:00+00:00
[2025-11-13T04:11:02.604+0000] {processor.py:208} INFO - Processing /opt/airflow/dags/example_01_basic_sequential.py took 0.136 seconds
[2025-11-13T04:11:33.188+0000] {processor.py:186} INFO - Started process (PID=1333) to work on /opt/airflow/dags/example_01_basic_sequential.py
[2025-11-13T04:11:33.191+0000] {processor.py:914} INFO - Processing file /opt/airflow/dags/example_01_basic_sequential.py for tasks to queue
[2025-11-13T04:11:33.192+0000] {logging_mixin.py:190} INFO - [2025-11-13T04:11:33.192+0000] {dagbag.py:588} INFO - Filling up the DagBag from /opt/airflow/dags/example_01_basic_sequential.py
[2025-11-13T04:11:33.201+0000] {processor.py:925} INFO - DAG(s) 'example_01_basic_sequential' retrieved from /opt/airflow/dags/example_01_basic_sequential.py
[2025-11-13T04:11:33.221+0000] {logging_mixin.py:190} INFO - [2025-11-13T04:11:33.220+0000] {dag.py:3239} INFO - Sync 1 DAGs
[2025-11-13T04:11:33.236+0000] {logging_mixin.py:190} INFO - [2025-11-13T04:11:33.236+0000] {dag.py:4180} INFO - Setting next_dagrun for example_01_basic_sequential to 2025-11-13 00:00:00+00:00, run_after=2025-11-14 00:00:00+00:00
[2025-11-13T04:11:33.259+0000] {processor.py:208} INFO - Processing /opt/airflow/dags/example_01_basic_sequential.py took 0.075 seconds
[2025-11-13T04:12:04.017+0000] {processor.py:186} INFO - Started process (PID=1349) to work on /opt/airflow/dags/example_01_basic_sequential.py
[2025-11-13T04:12:04.022+0000] {processor.py:914} INFO - Processing file /opt/airflow/dags/example_01_basic_sequential.py for tasks to queue
[2025-11-13T04:12:04.024+0000] {logging_mixin.py:190} INFO - [2025-11-13T04:12:04.024+0000] {dagbag.py:588} INFO - Filling up the DagBag from /opt/airflow/dags/example_01_basic_sequential.py
[2025-11-13T04:12:04.030+0000] {processor.py:925} INFO - DAG(s) 'example_01_basic_sequential' retrieved from /opt/airflow/dags/example_01_basic_sequential.py
[2025-11-13T04:12:04.047+0000] {logging_mixin.py:190} INFO - [2025-11-13T04:12:04.047+0000] {dag.py:3239} INFO - Sync 1 DAGs
[2025-11-13T04:12:04.065+0000] {logging_mixin.py:190} INFO - [2025-11-13T04:12:04.065+0000] {dag.py:4180} INFO - Setting next_dagrun for example_01_basic_sequential to 2025-11-13 00:00:00+00:00, run_after=2025-11-14 00:00:00+00:00
[2025-11-13T04:12:04.261+0000] {processor.py:208} INFO - Processing /opt/airflow/dags/example_01_basic_sequential.py took 0.276 seconds
[2025-11-13T04:12:34.753+0000] {processor.py:186} INFO - Started process (PID=1365) to work on /opt/airflow/dags/example_01_basic_sequential.py
[2025-11-13T04:12:34.753+0000] {processor.py:914} INFO - Processing file /opt/airflow/dags/example_01_basic_sequential.py for tasks to queue
[2025-11-13T04:12:34.755+0000] {logging_mixin.py:190} INFO - [2025-11-13T04:12:34.755+0000] {dagbag.py:588} INFO - Filling up the DagBag from /opt/airflow/dags/example_01_basic_sequential.py
[2025-11-13T04:12:34.764+0000] {processor.py:925} INFO - DAG(s) 'example_01_basic_sequential' retrieved from /opt/airflow/dags/example_01_basic_sequential.py
[2025-11-13T04:12:34.786+0000] {logging_mixin.py:190} INFO - [2025-11-13T04:12:34.786+0000] {dag.py:3239} INFO - Sync 1 DAGs
[2025-11-13T04:12:34.971+0000] {logging_mixin.py:190} INFO - [2025-11-13T04:12:34.971+0000] {dag.py:4180} INFO - Setting next_dagrun for example_01_basic_sequential to 2025-11-13 00:00:00+00:00, run_after=2025-11-14 00:00:00+00:00
[2025-11-13T04:12:35.006+0000] {processor.py:208} INFO - Processing /opt/airflow/dags/example_01_basic_sequential.py took 0.258 seconds
[2025-11-13T04:13:05.766+0000] {processor.py:186} INFO - Started process (PID=1382) to work on /opt/airflow/dags/example_01_basic_sequential.py
[2025-11-13T04:13:05.766+0000] {processor.py:914} INFO - Processing file /opt/airflow/dags/example_01_basic_sequential.py for tasks to queue
[2025-11-13T04:13:05.769+0000] {logging_mixin.py:190} INFO - [2025-11-13T04:13:05.769+0000] {dagbag.py:588} INFO - Filling up the DagBag from /opt/airflow/dags/example_01_basic_sequential.py
[2025-11-13T04:13:05.779+0000] {processor.py:925} INFO - DAG(s) 'example_01_basic_sequential' retrieved from /opt/airflow/dags/example_01_basic_sequential.py
[2025-11-13T04:13:05.805+0000] {logging_mixin.py:190} INFO - [2025-11-13T04:13:05.805+0000] {dag.py:3239} INFO - Sync 1 DAGs
[2025-11-13T04:13:05.821+0000] {logging_mixin.py:190} INFO - [2025-11-13T04:13:05.820+0000] {dag.py:4180} INFO - Setting next_dagrun for example_01_basic_sequential to 2025-11-13 00:00:00+00:00, run_after=2025-11-14 00:00:00+00:00
[2025-11-13T04:13:05.856+0000] {processor.py:208} INFO - Processing /opt/airflow/dags/example_01_basic_sequential.py took 0.100 seconds
[2025-11-13T04:13:36.501+0000] {processor.py:186} INFO - Started process (PID=1397) to work on /opt/airflow/dags/example_01_basic_sequential.py
[2025-11-13T04:13:36.506+0000] {processor.py:914} INFO - Processing file /opt/airflow/dags/example_01_basic_sequential.py for tasks to queue
[2025-11-13T04:13:36.508+0000] {logging_mixin.py:190} INFO - [2025-11-13T04:13:36.508+0000] {dagbag.py:588} INFO - Filling up the DagBag from /opt/airflow/dags/example_01_basic_sequential.py
[2025-11-13T04:13:36.520+0000] {processor.py:925} INFO - DAG(s) 'example_01_basic_sequential' retrieved from /opt/airflow/dags/example_01_basic_sequential.py
[2025-11-13T04:13:36.600+0000] {logging_mixin.py:190} INFO - [2025-11-13T04:13:36.600+0000] {dag.py:3239} INFO - Sync 1 DAGs
[2025-11-13T04:13:36.644+0000] {logging_mixin.py:190} INFO - [2025-11-13T04:13:36.644+0000] {dag.py:4180} INFO - Setting next_dagrun for example_01_basic_sequential to 2025-11-13 00:00:00+00:00, run_after=2025-11-14 00:00:00+00:00
[2025-11-13T04:13:36.674+0000] {processor.py:208} INFO - Processing /opt/airflow/dags/example_01_basic_sequential.py took 0.179 seconds
[2025-11-13T04:14:07.377+0000] {processor.py:186} INFO - Started process (PID=1415) to work on /opt/airflow/dags/example_01_basic_sequential.py
[2025-11-13T04:14:07.377+0000] {processor.py:914} INFO - Processing file /opt/airflow/dags/example_01_basic_sequential.py for tasks to queue
[2025-11-13T04:14:07.385+0000] {logging_mixin.py:190} INFO - [2025-11-13T04:14:07.384+0000] {dagbag.py:588} INFO - Filling up the DagBag from /opt/airflow/dags/example_01_basic_sequential.py
[2025-11-13T04:14:07.403+0000] {processor.py:925} INFO - DAG(s) 'example_01_basic_sequential' retrieved from /opt/airflow/dags/example_01_basic_sequential.py
[2025-11-13T04:14:07.427+0000] {logging_mixin.py:190} INFO - [2025-11-13T04:14:07.426+0000] {dag.py:3239} INFO - Sync 1 DAGs
[2025-11-13T04:14:07.443+0000] {logging_mixin.py:190} INFO - [2025-11-13T04:14:07.443+0000] {dag.py:4180} INFO - Setting next_dagrun for example_01_basic_sequential to 2025-11-13 00:00:00+00:00, run_after=2025-11-14 00:00:00+00:00
[2025-11-13T04:14:07.458+0000] {processor.py:208} INFO - Processing /opt/airflow/dags/example_01_basic_sequential.py took 0.095 seconds
