[2025-11-13T03:03:34.552+0000] {local_task_job_runner.py:123} INFO - ::group::Pre task execution logs
[2025-11-13T03:03:34.563+0000] {taskinstance.py:2613} INFO - Dependencies all met for dep_context=non-requeueable deps ti=<TaskInstance: weather_etl.load manual__2025-11-13T03:03:30.112045+00:00 [queued]>
[2025-11-13T03:03:34.568+0000] {taskinstance.py:2613} INFO - Dependencies all met for dep_context=requeueable deps ti=<TaskInstance: weather_etl.load manual__2025-11-13T03:03:30.112045+00:00 [queued]>
[2025-11-13T03:03:34.568+0000] {taskinstance.py:2866} INFO - Starting attempt 1 of 2
[2025-11-13T03:03:34.584+0000] {taskinstance.py:2889} INFO - Executing <Task(_PythonDecoratedOperator): load> on 2025-11-13 03:03:30.112045+00:00
[2025-11-13T03:03:34.591+0000] {standard_task_runner.py:104} INFO - Running: ['***', 'tasks', 'run', 'weather_etl', 'load', 'manual__2025-11-13T03:03:30.112045+00:00', '--job-id', '7', '--raw', '--subdir', 'DAGS_FOLDER/etl.py', '--cfg-path', '/tmp/tmpync5shin']
[2025-11-13T03:03:34.594+0000] {standard_task_runner.py:105} INFO - Job 7: Subtask load
[2025-11-13T03:03:34.594+0000] {logging_mixin.py:190} WARNING - /home/***/.local/lib/python3.12/site-packages/***/task/task_runner/standard_task_runner.py:70 DeprecationWarning: This process (pid=231) is multi-threaded, use of fork() may lead to deadlocks in the child.
[2025-11-13T03:03:34.595+0000] {standard_task_runner.py:72} INFO - Started process 235 to run task
[2025-11-13T03:03:34.742+0000] {task_command.py:467} INFO - Running <TaskInstance: weather_etl.load manual__2025-11-13T03:03:30.112045+00:00 [running]> on host 3e77b7896dd7
[2025-11-13T03:03:34.813+0000] {taskinstance.py:3132} INFO - Exporting env vars: AIRFLOW_CTX_DAG_OWNER='***' AIRFLOW_CTX_DAG_ID='weather_etl' AIRFLOW_CTX_TASK_ID='load' AIRFLOW_CTX_EXECUTION_DATE='2025-11-13T03:03:30.112045+00:00' AIRFLOW_CTX_TRY_NUMBER='1' AIRFLOW_CTX_DAG_RUN_ID='manual__2025-11-13T03:03:30.112045+00:00'
[2025-11-13T03:03:34.813+0000] {taskinstance.py:731} INFO - ::endgroup::
[2025-11-13T03:03:34.815+0000] {crypto.py:82} WARNING - empty cryptography key - values will not be stored encrypted.
[2025-11-13T03:03:34.815+0000] {base.py:84} INFO - Retrieving connection 'postgres_default'
[2025-11-13T03:03:34.821+0000] {python.py:240} INFO - Done. Returned value was: None
[2025-11-13T03:03:34.828+0000] {taskinstance.py:340} INFO - ::group::Post task execution logs
[2025-11-13T03:03:34.828+0000] {taskinstance.py:352} INFO - Marking task as SUCCESS. dag_id=weather_etl, task_id=load, run_id=manual__2025-11-13T03:03:30.112045+00:00, execution_date=20251113T030330, start_date=20251113T030334, end_date=20251113T030334
[2025-11-13T03:03:34.851+0000] {local_task_job_runner.py:266} INFO - Task exited with return code 0
[2025-11-13T03:03:34.861+0000] {taskinstance.py:3895} INFO - 0 downstream tasks scheduled from follow-on schedule check
[2025-11-13T03:03:34.863+0000] {local_task_job_runner.py:245} INFO - ::endgroup::
